<?xml version="1.0" encoding="UTF-8"?>
<testsuite xmlns:xsi="http://www.w3.org/2001/XMLSchema-instance" xsi:noNamespaceSchemaLocation="https://maven.apache.org/surefire/maven-surefire-plugin/xsd/surefire-test-report.xsd" version="3.0.2" name="com.benefits.core.integration.BenefitsCoreIntegrationTest" time="13.457" tests="2" errors="2" skipped="0" failures="0">
  <properties>
[...]
</properties>
  <testcase name="databaseConnection_ShouldWork" classname="com.benefits.core.integration.BenefitsCoreIntegrationTest" time="0.001">
    <error message="Failed to load ApplicationContext for [ReactiveWebMergedContextConfiguration@3e8c9981 testClass = com.benefits.core.integration.BenefitsCoreIntegrationTest, locations = [], classes = [com.benefits.core.BenefitsCoreApplication], contextInitializerClasses = [], activeProfiles = [], propertySourceDescriptors = [], propertySourceProperties = [&quot;org.springframework.boot.test.context.SpringBootTestContextBootstrapper=true&quot;], contextCustomizers = [org.springframework.boot.test.context.filter.ExcludeFilterContextCustomizer@1d483de4, org.springframework.boot.test.json.DuplicateJsonObjectContextCustomizerFactory$DuplicateJsonObjectContextCustomizer@934b6cb, org.springframework.boot.test.mock.mockito.MockitoContextCustomizer@0, org.springframework.boot.test.web.client.TestRestTemplateContextCustomizer@4b5798c2, org.springframework.boot.test.web.reactive.server.WebTestClientContextCustomizer@31ab4859, org.springframework.boot.test.web.reactor.netty.DisableReactorResourceFactoryGlobalResourcesContextCustomizerFactory$DisableReactorResourceFactoryGlobalResourcesContextCustomizerCustomizer@30bce90b, org.springframework.boot.test.autoconfigure.OnFailureConditionReportContextCustomizerFactory$OnFailureConditionReportContextCustomizer@2474f125, org.springframework.boot.test.autoconfigure.actuate.observability.ObservabilityContextCustomizerFactory$DisableObservabilityContextCustomizer@1f, org.springframework.boot.test.autoconfigure.properties.PropertyMappingContextCustomizer@0, org.springframework.boot.test.autoconfigure.web.servlet.WebDriverContextCustomizer@2c07545f, org.springframework.test.context.support.DynamicPropertiesContextCustomizer@4e3af3fe, org.springframework.boot.test.context.SpringBootTestAnnotation@2f2ed0f], contextLoader = org.springframework.boot.test.context.SpringBootContextLoader, parent = null]" type="java.lang.IllegalStateException"><![CDATA[java.lang.IllegalStateException: Failed to load ApplicationContext for [ReactiveWebMergedContextConfiguration@3e8c9981 testClass = com.benefits.core.integration.BenefitsCoreIntegrationTest, locations = [], classes = [com.benefits.core.BenefitsCoreApplication], contextInitializerClasses = [], activeProfiles = [], propertySourceDescriptors = [], propertySourceProperties = ["org.springframework.boot.test.context.SpringBootTestContextBootstrapper=true"], contextCustomizers = [org.springframework.boot.test.context.filter.ExcludeFilterContextCustomizer@1d483de4, org.springframework.boot.test.json.DuplicateJsonObjectContextCustomizerFactory$DuplicateJsonObjectContextCustomizer@934b6cb, org.springframework.boot.test.mock.mockito.MockitoContextCustomizer@0, org.springframework.boot.test.web.client.TestRestTemplateContextCustomizer@4b5798c2, org.springframework.boot.test.web.reactive.server.WebTestClientContextCustomizer@31ab4859, org.springframework.boot.test.web.reactor.netty.DisableReactorResourceFactoryGlobalResourcesContextCustomizerFactory$DisableReactorResourceFactoryGlobalResourcesContextCustomizerCustomizer@30bce90b, org.springframework.boot.test.autoconfigure.OnFailureConditionReportContextCustomizerFactory$OnFailureConditionReportContextCustomizer@2474f125, org.springframework.boot.test.autoconfigure.actuate.observability.ObservabilityContextCustomizerFactory$DisableObservabilityContextCustomizer@1f, org.springframework.boot.test.autoconfigure.properties.PropertyMappingContextCustomizer@0, org.springframework.boot.test.autoconfigure.web.servlet.WebDriverContextCustomizer@2c07545f, org.springframework.test.context.support.DynamicPropertiesContextCustomizer@4e3af3fe, org.springframework.boot.test.context.SpringBootTestAnnotation@2f2ed0f], contextLoader = org.springframework.boot.test.context.SpringBootContextLoader, parent = null]
	at org.springframework.test.context.cache.DefaultCacheAwareContextLoaderDelegate.loadContext(DefaultCacheAwareContextLoaderDelegate.java:180)
	at org.springframework.test.context.support.DefaultTestContext.getApplicationContext(DefaultTestContext.java:130)
	at org.springframework.test.context.support.DependencyInjectionTestExecutionListener.injectDependencies(DependencyInjectionTestExecutionListener.java:155)
	at org.springframework.test.context.support.DependencyInjectionTestExecutionListener.prepareTestInstance(DependencyInjectionTestExecutionListener.java:111)
	at org.springframework.test.context.TestContextManager.prepareTestInstance(TestContextManager.java:260)
	at org.springframework.test.context.junit.jupiter.SpringExtension.postProcessTestInstance(SpringExtension.java:159)
	at java.base/java.util.stream.ForEachOps$ForEachOp$OfRef.accept(ForEachOps.java:186)
	at java.base/java.util.stream.ReferencePipeline$3$1.accept(ReferencePipeline.java:215)
	at java.base/java.util.stream.ReferencePipeline$2$1.accept(ReferencePipeline.java:197)
	at java.base/java.util.stream.ReferencePipeline$3$1.accept(ReferencePipeline.java:215)
	at java.base/java.util.ArrayList$ArrayListSpliterator.forEachRemaining(ArrayList.java:1716)
	at java.base/java.util.stream.AbstractPipeline.copyInto(AbstractPipeline.java:570)
	at java.base/java.util.stream.AbstractPipeline.wrapAndCopyInto(AbstractPipeline.java:560)
	at java.base/java.util.stream.ForEachOps$ForEachOp.evaluateSequential(ForEachOps.java:153)
	at java.base/java.util.stream.ForEachOps$ForEachOp$OfRef.evaluateSequential(ForEachOps.java:176)
	at java.base/java.util.stream.AbstractPipeline.evaluate(AbstractPipeline.java:265)
	at java.base/java.util.stream.ReferencePipeline.forEach(ReferencePipeline.java:636)
	at java.base/java.util.Optional.orElseGet(Optional.java:364)
	at java.base/java.util.ArrayList.forEach(ArrayList.java:1604)
	at java.base/java.util.ArrayList.forEach(ArrayList.java:1604)
Caused by: org.springframework.beans.factory.BeanCreationException: Error creating bean with name 'eventPublisherService' defined in file [C:\Users\gesch\Documents\projeto-lucas\services\benefits-core\target\classes\com\benefits\core\service\EventPublisherService.class]: Failed to instantiate [com.benefits.core.service.EventPublisherService]: Constructor threw exception
	at org.springframework.beans.factory.support.AbstractAutowireCapableBeanFactory.instantiateBean(AbstractAutowireCapableBeanFactory.java:1357)
	at org.springframework.beans.factory.support.AbstractAutowireCapableBeanFactory.createBeanInstance(AbstractAutowireCapableBeanFactory.java:1242)
	at org.springframework.beans.factory.support.AbstractAutowireCapableBeanFactory.doCreateBean(AbstractAutowireCapableBeanFactory.java:569)
	at org.springframework.beans.factory.support.AbstractAutowireCapableBeanFactory.createBean(AbstractAutowireCapableBeanFactory.java:529)
	at org.springframework.beans.factory.support.AbstractBeanFactory.lambda$doGetBean$0(AbstractBeanFactory.java:339)
	at org.springframework.beans.factory.support.DefaultSingletonBeanRegistry.getSingleton(DefaultSingletonBeanRegistry.java:373)
	at org.springframework.beans.factory.support.AbstractBeanFactory.doGetBean(AbstractBeanFactory.java:337)
	at org.springframework.beans.factory.support.AbstractBeanFactory.getBean(AbstractBeanFactory.java:202)
	at org.springframework.beans.factory.support.DefaultListableBeanFactory.instantiateSingleton(DefaultListableBeanFactory.java:1228)
	at org.springframework.beans.factory.support.DefaultListableBeanFactory.preInstantiateSingleton(DefaultListableBeanFactory.java:1194)
	at org.springframework.beans.factory.support.DefaultListableBeanFactory.preInstantiateSingletons(DefaultListableBeanFactory.java:1130)
	at org.springframework.context.support.AbstractApplicationContext.finishBeanFactoryInitialization(AbstractApplicationContext.java:990)
	at org.springframework.context.support.AbstractApplicationContext.refresh(AbstractApplicationContext.java:627)
	at org.springframework.boot.SpringApplication.refresh(SpringApplication.java:752)
	at org.springframework.boot.SpringApplication.refreshContext(SpringApplication.java:439)
	at org.springframework.boot.SpringApplication.run(SpringApplication.java:318)
	at org.springframework.boot.test.context.SpringBootContextLoader.lambda$loadContext$3(SpringBootContextLoader.java:152)
	at org.springframework.util.function.ThrowingSupplier.get(ThrowingSupplier.java:58)
	at org.springframework.util.function.ThrowingSupplier.get(ThrowingSupplier.java:46)
	at org.springframework.boot.SpringApplication.withHook(SpringApplication.java:1461)
	at org.springframework.boot.test.context.SpringBootContextLoader$ContextLoaderHook.run(SpringBootContextLoader.java:595)
	at org.springframework.boot.test.context.SpringBootContextLoader.loadContext(SpringBootContextLoader.java:152)
	at org.springframework.boot.test.context.SpringBootContextLoader.loadContext(SpringBootContextLoader.java:111)
	at org.springframework.test.context.cache.DefaultCacheAwareContextLoaderDelegate.loadContextInternal(DefaultCacheAwareContextLoaderDelegate.java:225)
	at org.springframework.test.context.cache.DefaultCacheAwareContextLoaderDelegate.loadContext(DefaultCacheAwareContextLoaderDelegate.java:152)
	... 19 more
Caused by: org.springframework.beans.BeanInstantiationException: Failed to instantiate [com.benefits.core.service.EventPublisherService]: Constructor threw exception
	at org.springframework.beans.BeanUtils.instantiateClass(BeanUtils.java:223)
	at org.springframework.beans.factory.support.SimpleInstantiationStrategy.instantiate(SimpleInstantiationStrategy.java:123)
	at org.springframework.beans.factory.support.AbstractAutowireCapableBeanFactory.instantiateBean(AbstractAutowireCapableBeanFactory.java:1351)
	... 43 more
Caused by: java.lang.Error: Unresolved compilation problem: 
	Syntax error on token "EventPublisherService", { expected after this token

	at com.benefits.core.service.EventPublisherService.<init>(EventPublisherService.java:25)
	at java.base/java.lang.reflect.Constructor.newInstanceWithCaller(Constructor.java:499)
	at java.base/java.lang.reflect.Constructor.newInstance(Constructor.java:483)
	at org.springframework.beans.BeanUtils.instantiateClass(BeanUtils.java:197)
	... 45 more
]]></error>
    <system-out><![CDATA[2026-01-19T13:41:14.530-03:00 DEBUG 34844 --- [benefits-core] [           main] .b.t.c.SpringBootTestContextBootstrapper : Neither @ContextConfiguration nor @ContextHierarchy found for test class [BenefitsCoreIntegrationTest]: using SpringBootContextLoader
2026-01-19T13:41:14.532-03:00 DEBUG 34844 --- [benefits-core] [           main] o.s.t.c.support.AbstractContextLoader    : Could not detect default resource locations for test class [com.benefits.core.integration.BenefitsCoreIntegrationTest]: no resource found for suffixes {-context.xml, Context.groovy}.
2026-01-19T13:41:14.532-03:00  INFO 34844 --- [benefits-core] [           main] t.c.s.AnnotationConfigContextLoaderUtils : Could not detect default configuration classes for test class [com.benefits.core.integration.BenefitsCoreIntegrationTest]: BenefitsCoreIntegrationTest does not declare any static, non-private, non-final, nested classes annotated with @Configuration.
2026-01-19T13:41:14.534-03:00 DEBUG 34844 --- [benefits-core] [           main] .b.t.c.SpringBootTestContextBootstrapper : Using ContextCustomizerFactory implementations for test class [BenefitsCoreIntegrationTest]: [ImportsContextCustomizerFactory, ExcludeFilterContextCustomizerFactory, HttpGraphQlTesterContextCustomizerFactory, DuplicateJsonObjectContextCustomizerFactory, MockitoContextCustomizerFactory, TestRestTemplateContextCustomizerFactory, WebTestClientContextCustomizerFactory, DisableReactorResourceFactoryGlobalResourcesContextCustomizerFactory, OnFailureConditionReportContextCustomizerFactory, OverrideAutoConfigurationContextCustomizerFactory, ObservabilityContextCustomizerFactory, TypeExcludeFiltersContextCustomizerFactory, PropertyMappingContextCustomizerFactory, WebDriverContextCustomizerFactory, BeanOverrideContextCustomizerFactory, MockServerContainerContextCustomizerFactory, DynamicPropertiesContextCustomizerFactory]
2026-01-19T13:41:14.545-03:00 DEBUG 34844 --- [benefits-core] [           main] .b.t.c.SpringBootTestContextBootstrapper : Using ContextCustomizers for test class [BenefitsCoreIntegrationTest]: [ExcludeFilterContextCustomizer, DuplicateJsonObjectContextCustomizer, MockitoContextCustomizer, TestRestTemplateContextCustomizer, WebTestClientContextCustomizer, DisableReactorResourceFactoryGlobalResourcesContextCustomizerCustomizer, OnFailureConditionReportContextCustomizer, DisableObservabilityContextCustomizer, PropertyMappingContextCustomizer, WebDriverContextCustomizer, DynamicPropertiesContextCustomizer]
2026-01-19T13:41:14.563-03:00 DEBUG 34844 --- [benefits-core] [           main] ssPathScanningCandidateComponentProvider : Identified candidate component class: file [C:\Users\gesch\Documents\projeto-lucas\services\benefits-core\target\classes\com\benefits\core\BenefitsCoreApplication.class]
2026-01-19T13:41:14.564-03:00  INFO 34844 --- [benefits-core] [           main] .b.t.c.SpringBootTestContextBootstrapper : Found @SpringBootConfiguration com.benefits.core.BenefitsCoreApplication for test class com.benefits.core.integration.BenefitsCoreIntegrationTest
2026-01-19T13:41:14.580-03:00 DEBUG 34844 --- [benefits-core] [           main] .s.t.c.u.TestContextSpringFactoriesUtils : Skipping candidate TestExecutionListener [org.springframework.test.context.web.ServletTestExecutionListener] due to a missing dependency. Specify custom TestExecutionListener classes or make the default TestExecutionListener classes and their required dependencies available. Offending class: jakarta/servlet/ServletContext
2026-01-19T13:41:14.581-03:00 DEBUG 34844 --- [benefits-core] [           main] .s.t.c.u.TestContextSpringFactoriesUtils : Skipping candidate TestExecutionListener [org.springframework.test.context.observation.MicrometerObservationRegistryTestExecutionListener] due to a missing dependency. Specify custom TestExecutionListener classes or make the default TestExecutionListener classes and their required dependencies available. Offending class: io.micrometer.context.ThreadLocalAccessor. MicrometerObservationRegistryTestExecutionListener requires io.micrometer:micrometer-observation:1.10.8 or higher and io.micrometer:context-propagation:1.0.3 or higher.
2026-01-19T13:41:14.581-03:00 DEBUG 34844 --- [benefits-core] [           main] .b.t.c.SpringBootTestContextBootstrapper : Using TestExecutionListeners for test class [BenefitsCoreIntegrationTest]: [DirtiesContextBeforeModesTestExecutionListener, ApplicationEventsTestExecutionListener, MockitoTestExecutionListener, BeanOverrideTestExecutionListener, DependencyInjectionTestExecutionListener, DirtiesContextTestExecutionListener, CommonCachesTestExecutionListener, TransactionalTestExecutionListener, SqlScriptsTestExecutionListener, EventPublishingTestExecutionListener, ResetMocksTestExecutionListener, RestDocsTestExecutionListener, MockRestServiceServerResetTestExecutionListener, MockMvcPrintOnlyOnFailureTestExecutionListener, WebDriverTestExecutionListener, MockWebServiceServerTestExecutionListener, MockitoResetTestExecutionListener]
2026-01-19T13:41:14.582-03:00 DEBUG 34844 --- [benefits-core] [           main] sContextBeforeModesTestExecutionListener : Before test class: class [BenefitsCoreIntegrationTest], class annotated with @DirtiesContext [false] with mode [null]
2026-01-19T13:41:14.690-03:00  INFO 34844 --- [benefits-core] [           main] org.testcontainers.images.PullPolicy     : Image pull policy will be performed by: DefaultPullPolicy()
2026-01-19T13:41:14.707-03:00  INFO 34844 --- [benefits-core] [           main] o.t.utility.ImageNameSubstitutor         : Image name substitution will be performed by: DefaultImageNameSubstitutor (composite of 'ConfigurationFileImageNameSubstitutor' and 'PrefixingImageNameSubstitutor')
2026-01-19T13:41:14.744-03:00  INFO 34844 --- [benefits-core] [           main] org.testcontainers.DockerClientFactory   : Testcontainers version: 1.21.4
2026-01-19T13:41:15.425-03:00  INFO 34844 --- [benefits-core] [           main] o.t.d.DockerClientProviderStrategy       : Found Docker environment with local Npipe socket (npipe:////./pipe/docker_engine)
2026-01-19T13:41:15.442-03:00  INFO 34844 --- [benefits-core] [           main] org.testcontainers.DockerClientFactory   : Docker host IP address is localhost
2026-01-19T13:41:15.464-03:00  INFO 34844 --- [benefits-core] [           main] org.testcontainers.DockerClientFactory   : Connected to docker: 
  Server Version: 28.3.2
  API Version: 1.51
  Operating System: Docker Desktop
  Total Memory: 31772 MB
  Labels: 
    com.docker.desktop.address=npipe://\\.\pipe\docker_cli
2026-01-19T13:41:15.790-03:00  INFO 34844 --- [benefits-core] [           main] tc.testcontainers/ryuk:0.12.0            : Pulling docker image: testcontainers/ryuk:0.12.0. Please be patient; this may take some time but only needs to be done once.
2026-01-19T13:41:17.760-03:00  INFO 34844 --- [benefits-core] [eam--1412282516] tc.testcontainers/ryuk:0.12.0            : Starting to pull image
2026-01-19T13:41:17.780-03:00  INFO 34844 --- [benefits-core] [eam--1412282516] tc.testcontainers/ryuk:0.12.0            : Pulling image layers:  0 pending,  0 downloaded,  0 extracted, (0 bytes/0 bytes)
2026-01-19T13:41:19.362-03:00  INFO 34844 --- [benefits-core] [eam--1412282516] tc.testcontainers/ryuk:0.12.0            : Pulling image layers:  2 pending,  1 downloaded,  0 extracted, (0 bytes/? MB)
2026-01-19T13:41:19.963-03:00  INFO 34844 --- [benefits-core] [eam--1412282516] tc.testcontainers/ryuk:0.12.0            : Pulling image layers:  1 pending,  2 downloaded,  0 extracted, (5 MB/? MB)
2026-01-19T13:41:20.170-03:00  INFO 34844 --- [benefits-core] [eam--1412282516] tc.testcontainers/ryuk:0.12.0            : Pulling image layers:  1 pending,  2 downloaded,  1 extracted, (9 MB/? MB)
2026-01-19T13:41:20.261-03:00  INFO 34844 --- [benefits-core] [eam--1412282516] tc.testcontainers/ryuk:0.12.0            : Pulling image layers:  0 pending,  3 downloaded,  1 extracted, (9 MB/10 MB)
2026-01-19T13:41:20.358-03:00  INFO 34844 --- [benefits-core] [eam--1412282516] tc.testcontainers/ryuk:0.12.0            : Pulling image layers:  0 pending,  3 downloaded,  2 extracted, (9 MB/10 MB)
2026-01-19T13:41:20.369-03:00  INFO 34844 --- [benefits-core] [eam--1412282516] tc.testcontainers/ryuk:0.12.0            : Pulling image layers:  0 pending,  3 downloaded,  3 extracted, (9 MB/10 MB)
2026-01-19T13:41:20.376-03:00  INFO 34844 --- [benefits-core] [eam--1412282516] tc.testcontainers/ryuk:0.12.0            : Pull complete. 3 layers, pulled in 2s (downloaded 9 MB at 4 MB/s)
2026-01-19T13:41:20.376-03:00  INFO 34844 --- [benefits-core] [           main] tc.testcontainers/ryuk:0.12.0            : Image testcontainers/ryuk:0.12.0 pull took PT4.5855309S
2026-01-19T13:41:20.555-03:00  INFO 34844 --- [benefits-core] [           main] tc.testcontainers/ryuk:0.12.0            : Creating container for image: testcontainers/ryuk:0.12.0
2026-01-19T13:41:20.851-03:00  INFO 34844 --- [benefits-core] [           main] tc.testcontainers/ryuk:0.12.0            : Container testcontainers/ryuk:0.12.0 is starting: 64cf273ced295485fe58a6bd0831a3c03da0c9035b6d821ec1146205e0c55c9b
2026-01-19T13:41:21.301-03:00  INFO 34844 --- [benefits-core] [           main] tc.testcontainers/ryuk:0.12.0            : Container testcontainers/ryuk:0.12.0 started in PT0.7466092S
2026-01-19T13:41:21.325-03:00  INFO 34844 --- [benefits-core] [           main] o.t.utility.RyukResourceReaper           : Ryuk started - will monitor and terminate Testcontainers containers on JVM exit
2026-01-19T13:41:21.325-03:00  INFO 34844 --- [benefits-core] [           main] org.testcontainers.DockerClientFactory   : Checking the system...
2026-01-19T13:41:21.326-03:00  INFO 34844 --- [benefits-core] [           main] org.testcontainers.DockerClientFactory   : ?? Docker server version should be at least 1.6.0
2026-01-19T13:41:21.326-03:00  INFO 34844 --- [benefits-core] [           main] tc.postgres:16-alpine                    : Creating container for image: postgres:16-alpine
2026-01-19T13:41:21.462-03:00  INFO 34844 --- [benefits-core] [           main] tc.postgres:16-alpine                    : Container postgres:16-alpine is starting: decc13ad293e321fb6339b43bf38026b7e7155962630318b05c964ceb94bb545
2026-01-19T13:41:23.721-03:00  INFO 34844 --- [benefits-core] [           main] tc.postgres:16-alpine                    : Container postgres:16-alpine started in PT2.3951934S
2026-01-19T13:41:23.722-03:00  INFO 34844 --- [benefits-core] [           main] tc.postgres:16-alpine                    : Container is started (JDBC URL: jdbc:postgresql://localhost:52765/testdb?loggerLevel=OFF)
2026-01-19T13:41:23.726-03:00 DEBUG 34844 --- [benefits-core] [           main] DependencyInjectionTestExecutionListener : Performing dependency injection for test class com.benefits.core.integration.BenefitsCoreIntegrationTest

  .   ____          _            __ _ _
 /\\ / ___'_ __ _ _(_)_ __  __ _ \ \ \ \
( ( )\___ | '_ | '_| | '_ \/ _` | \ \ \ \
 \\/  ___)| |_)| | | | | || (_| |  ) ) ) )
  '  |____| .__|_| |_|_| |_\__, | / / / /
 =========|_|==============|___/=/_/_/_/

 :: Spring Boot ::                (v3.5.9)

2026-01-19T13:41:24.785-03:00  INFO 34844 --- [benefits-core] [           main] c.b.c.i.BenefitsCoreIntegrationTest      : Starting BenefitsCoreIntegrationTest using Java 24.0.2 with PID 34844 (started by gesch in C:\Users\gesch\Documents\projeto-lucas\services\benefits-core)
2026-01-19T13:41:24.785-03:00 DEBUG 34844 --- [benefits-core] [           main] c.b.c.i.BenefitsCoreIntegrationTest      : Running with Spring Boot v3.5.9, Spring v6.2.15
2026-01-19T13:41:24.785-03:00  INFO 34844 --- [benefits-core] [           main] c.b.c.i.BenefitsCoreIntegrationTest      : The following 1 profile is active: "local"
2026-01-19T13:41:24.785-03:00 DEBUG 34844 --- [benefits-core] [           main] o.s.boot.SpringApplication               : Loading source class com.benefits.core.BenefitsCoreApplication
2026-01-19T13:41:24.787-03:00 DEBUG 34844 --- [benefits-core] [           main] r.c.GenericReactiveWebApplicationContext : Refreshing org.springframework.boot.web.reactive.context.GenericReactiveWebApplicationContext@31de27c
2026-01-19T13:41:24.788-03:00 DEBUG 34844 --- [benefits-core] [           main] o.s.b.f.s.DefaultListableBeanFactory     : Creating shared instance of singleton bean 'org.springframework.context.annotation.internalConfigurationAnnotationProcessor'
2026-01-19T13:41:24.788-03:00 DEBUG 34844 --- [benefits-core] [           main] o.s.b.f.s.DefaultListableBeanFactory     : Creating shared instance of singleton bean 'org.springframework.boot.autoconfigure.internalCachingMetadataReaderFactory'
2026-01-19T13:41:24.802-03:00 DEBUG 34844 --- [benefits-core] [           main] o.s.c.a.ClassPathBeanDefinitionScanner   : Identified candidate component class: file [C:\Users\gesch\Documents\projeto-lucas\services\benefits-core\target\classes\com\benefits\core\controller\AuthorizationController.class]
2026-01-19T13:41:24.803-03:00 DEBUG 34844 --- [benefits-core] [           main] o.s.c.a.ClassPathBeanDefinitionScanner   : Identified candidate component class: file [C:\Users\gesch\Documents\projeto-lucas\services\benefits-core\target\classes\com\benefits\core\controller\DataSyncController.class]
2026-01-19T13:41:24.804-03:00 DEBUG 34844 --- [benefits-core] [           main] o.s.c.a.ClassPathBeanDefinitionScanner   : Identified candidate component class: file [C:\Users\gesch\Documents\projeto-lucas\services\benefits-core\target\classes\com\benefits\core\controller\ExpenseController.class]
2026-01-19T13:41:24.805-03:00 DEBUG 34844 --- [benefits-core] [           main] o.s.c.a.ClassPathBeanDefinitionScanner   : Identified candidate component class: file [C:\Users\gesch\Documents\projeto-lucas\services\benefits-core\target\classes\com\benefits\core\controller\InternalBatchController.class]
2026-01-19T13:41:24.805-03:00 DEBUG 34844 --- [benefits-core] [           main] o.s.c.a.ClassPathBeanDefinitionScanner   : Identified candidate component class: file [C:\Users\gesch\Documents\projeto-lucas\services\benefits-core\target\classes\com\benefits\core\controller\RefundController.class]
2026-01-19T13:41:24.811-03:00 DEBUG 34844 --- [benefits-core] [           main] o.s.c.a.ClassPathBeanDefinitionScanner   : Ignored because not a concrete top-level class: file [C:\Users\gesch\Documents\projeto-lucas\services\benefits-core\target\classes\com\benefits\core\repository\CreditBatchItemRepository.class]
2026-01-19T13:41:24.813-03:00 DEBUG 34844 --- [benefits-core] [           main] o.s.c.a.ClassPathBeanDefinitionScanner   : Ignored because not a concrete top-level class: file [C:\Users\gesch\Documents\projeto-lucas\services\benefits-core\target\classes\com\benefits\core\repository\CreditBatchRepository.class]
2026-01-19T13:41:24.813-03:00 DEBUG 34844 --- [benefits-core] [           main] o.s.c.a.ClassPathBeanDefinitionScanner   : Ignored because not a concrete top-level class: file [C:\Users\gesch\Documents\projeto-lucas\services\benefits-core\target\classes\com\benefits\core\repository\ExpenseReceiptRepository.class]
2026-01-19T13:41:24.813-03:00 DEBUG 34844 --- [benefits-core] [           main] o.s.c.a.ClassPathBeanDefinitionScanner   : Ignored because not a concrete top-level class: file [C:\Users\gesch\Documents\projeto-lucas\services\benefits-core\target\classes\com\benefits\core\repository\ExpenseRepository.class]
2026-01-19T13:41:24.814-03:00 DEBUG 34844 --- [benefits-core] [           main] o.s.c.a.ClassPathBeanDefinitionScanner   : Ignored because not a concrete top-level class: file [C:\Users\gesch\Documents\projeto-lucas\services\benefits-core\target\classes\com\benefits\core\repository\LedgerEntryRepository.class]
2026-01-19T13:41:24.814-03:00 DEBUG 34844 --- [benefits-core] [           main] o.s.c.a.ClassPathBeanDefinitionScanner   : Ignored because not a concrete top-level class: file [C:\Users\gesch\Documents\projeto-lucas\services\benefits-core\target\classes\com\benefits\core\repository\MerchantRepository.class]
2026-01-19T13:41:24.815-03:00 DEBUG 34844 --- [benefits-core] [           main] o.s.c.a.ClassPathBeanDefinitionScanner   : Ignored because not a concrete top-level class: file [C:\Users\gesch\Documents\projeto-lucas\services\benefits-core\target\classes\com\benefits\core\repository\RefundRepository.class]
2026-01-19T13:41:24.815-03:00 DEBUG 34844 --- [benefits-core] [           main] o.s.c.a.ClassPathBeanDefinitionScanner   : Ignored because not a concrete top-level class: file [C:\Users\gesch\Documents\projeto-lucas\services\benefits-core\target\classes\com\benefits\core\repository\TerminalRepository.class]
2026-01-19T13:41:24.815-03:00 DEBUG 34844 --- [benefits-core] [           main] o.s.c.a.ClassPathBeanDefinitionScanner   : Ignored because not a concrete top-level class: file [C:\Users\gesch\Documents\projeto-lucas\services\benefits-core\target\classes\com\benefits\core\repository\WalletRepository.class]
2026-01-19T13:41:24.817-03:00 DEBUG 34844 --- [benefits-core] [           main] o.s.c.a.ClassPathBeanDefinitionScanner   : Identified candidate component class: file [C:\Users\gesch\Documents\projeto-lucas\services\benefits-core\target\classes\com\benefits\core\service\AuthorizationService.class]
2026-01-19T13:41:24.817-03:00 DEBUG 34844 --- [benefits-core] [           main] o.s.c.a.ClassPathBeanDefinitionScanner   : Identified candidate component class: file [C:\Users\gesch\Documents\projeto-lucas\services\benefits-core\target\classes\com\benefits\core\service\CreditBatchService.class]
2026-01-19T13:41:24.817-03:00 DEBUG 34844 --- [benefits-core] [           main] o.s.c.a.ClassPathBeanDefinitionScanner   : Identified candidate component class: file [C:\Users\gesch\Documents\projeto-lucas\services\benefits-core\target\classes\com\benefits\core\service\DataSynchronizationService.class]
2026-01-19T13:41:24.818-03:00 DEBUG 34844 --- [benefits-core] [           main] o.s.c.a.ClassPathBeanDefinitionScanner   : Identified candidate component class: file [C:\Users\gesch\Documents\projeto-lucas\services\benefits-core\target\classes\com\benefits\core\service\EventPublisherService.class]
2026-01-19T13:41:24.818-03:00 DEBUG 34844 --- [benefits-core] [           main] o.s.c.a.ClassPathBeanDefinitionScanner   : Identified candidate component class: file [C:\Users\gesch\Documents\projeto-lucas\services\benefits-core\target\classes\com\benefits\core\service\ExpenseService.class]
2026-01-19T13:41:24.819-03:00 DEBUG 34844 --- [benefits-core] [           main] o.s.c.a.ClassPathBeanDefinitionScanner   : Identified candidate component class: file [C:\Users\gesch\Documents\projeto-lucas\services\benefits-core\target\classes\com\benefits\core\service\OutboxProcessor.class]
2026-01-19T13:41:24.819-03:00 DEBUG 34844 --- [benefits-core] [           main] o.s.c.a.ClassPathBeanDefinitionScanner   : Identified candidate component class: file [C:\Users\gesch\Documents\projeto-lucas\services\benefits-core\target\classes\com\benefits\core\service\OutboxService.class]
2026-01-19T13:41:24.820-03:00 DEBUG 34844 --- [benefits-core] [           main] o.s.c.a.ClassPathBeanDefinitionScanner   : Identified candidate component class: file [C:\Users\gesch\Documents\projeto-lucas\services\benefits-core\target\classes\com\benefits\core\service\RefundService.class]
2026-01-19T13:41:25.320-03:00  INFO 34844 --- [benefits-core] [           main] .s.d.r.c.RepositoryConfigurationDelegate : Multiple Spring Data modules found, entering strict repository configuration mode
2026-01-19T13:41:25.321-03:00  INFO 34844 --- [benefits-core] [           main] .s.d.r.c.RepositoryConfigurationDelegate : Bootstrapping Spring Data R2DBC repositories in DEFAULT mode.
2026-01-19T13:41:25.323-03:00 DEBUG 34844 --- [benefits-core] [           main] .s.d.r.c.RepositoryConfigurationDelegate : Scanning for R2DBC repositories in packages com.benefits.core.
2026-01-19T13:41:25.328-03:00 DEBUG 34844 --- [benefits-core] [           main] o.s.d.r.c.RepositoryComponentProvider    : Identified candidate component class: file [C:\Users\gesch\Documents\projeto-lucas\services\benefits-core\target\classes\com\benefits\core\repository\CreditBatchItemRepository.class]
2026-01-19T13:41:25.329-03:00 DEBUG 34844 --- [benefits-core] [           main] o.s.d.r.c.RepositoryComponentProvider    : Identified candidate component class: file [C:\Users\gesch\Documents\projeto-lucas\services\benefits-core\target\classes\com\benefits\core\repository\CreditBatchRepository.class]
2026-01-19T13:41:25.329-03:00 DEBUG 34844 --- [benefits-core] [           main] o.s.d.r.c.RepositoryComponentProvider    : Identified candidate component class: file [C:\Users\gesch\Documents\projeto-lucas\services\benefits-core\target\classes\com\benefits\core\repository\ExpenseReceiptRepository.class]
2026-01-19T13:41:25.329-03:00 DEBUG 34844 --- [benefits-core] [           main] o.s.d.r.c.RepositoryComponentProvider    : Identified candidate component class: file [C:\Users\gesch\Documents\projeto-lucas\services\benefits-core\target\classes\com\benefits\core\repository\ExpenseRepository.class]
2026-01-19T13:41:25.329-03:00 DEBUG 34844 --- [benefits-core] [           main] o.s.d.r.c.RepositoryComponentProvider    : Identified candidate component class: file [C:\Users\gesch\Documents\projeto-lucas\services\benefits-core\target\classes\com\benefits\core\repository\LedgerEntryRepository.class]
2026-01-19T13:41:25.329-03:00 DEBUG 34844 --- [benefits-core] [           main] o.s.d.r.c.RepositoryComponentProvider    : Identified candidate component class: file [C:\Users\gesch\Documents\projeto-lucas\services\benefits-core\target\classes\com\benefits\core\repository\MerchantRepository.class]
2026-01-19T13:41:25.329-03:00 DEBUG 34844 --- [benefits-core] [           main] o.s.d.r.c.RepositoryComponentProvider    : Identified candidate component class: file [C:\Users\gesch\Documents\projeto-lucas\services\benefits-core\target\classes\com\benefits\core\repository\OutboxRepository.class]
2026-01-19T13:41:25.329-03:00 DEBUG 34844 --- [benefits-core] [           main] o.s.d.r.c.RepositoryComponentProvider    : Identified candidate component class: file [C:\Users\gesch\Documents\projeto-lucas\services\benefits-core\target\classes\com\benefits\core\repository\PersonRepository.class]
2026-01-19T13:41:25.329-03:00 DEBUG 34844 --- [benefits-core] [           main] o.s.d.r.c.RepositoryComponentProvider    : Identified candidate component class: file [C:\Users\gesch\Documents\projeto-lucas\services\benefits-core\target\classes\com\benefits\core\repository\RefundRepository.class]
2026-01-19T13:41:25.329-03:00 DEBUG 34844 --- [benefits-core] [           main] o.s.d.r.c.RepositoryComponentProvider    : Identified candidate component class: file [C:\Users\gesch\Documents\projeto-lucas\services\benefits-core\target\classes\com\benefits\core\repository\TerminalRepository.class]
2026-01-19T13:41:25.329-03:00 DEBUG 34844 --- [benefits-core] [           main] o.s.d.r.c.RepositoryComponentProvider    : Identified candidate component class: file [C:\Users\gesch\Documents\projeto-lucas\services\benefits-core\target\classes\com\benefits\core\repository\WalletRepository.class]
2026-01-19T13:41:25.349-03:00  INFO 34844 --- [benefits-core] [           main] .s.d.r.c.RepositoryConfigurationDelegate : Finished Spring Data repository scanning in 26 ms. Found 11 R2DBC repository interfaces.
2026-01-19T13:41:25.795-03:00  INFO 34844 --- [benefits-core] [           main] .s.d.r.c.RepositoryConfigurationDelegate : Multiple Spring Data modules found, entering strict repository configuration mode
2026-01-19T13:41:25.810-03:00  INFO 34844 --- [benefits-core] [           main] .s.d.r.c.RepositoryConfigurationDelegate : Bootstrapping Spring Data Redis repositories in DEFAULT mode.
2026-01-19T13:41:25.826-03:00 DEBUG 34844 --- [benefits-core] [           main] o.s.b.f.s.DefaultListableBeanFactory     : Creating shared instance of singleton bean 'org.springframework.boot.autoconfigure.AutoConfigurationPackages'
2026-01-19T13:41:25.827-03:00 DEBUG 34844 --- [benefits-core] [           main] o.s.b.a.AutoConfigurationPackages        : @EnableAutoConfiguration was declared on a class in the package 'com.benefits.core'. Automatic @Repository and @Entity scanning is enabled.
2026-01-19T13:41:25.828-03:00 DEBUG 34844 --- [benefits-core] [           main] .s.d.r.c.RepositoryConfigurationDelegate : Scanning for Redis repositories in packages com.benefits.core.
2026-01-19T13:41:25.834-03:00 DEBUG 34844 --- [benefits-core] [           main] o.s.d.r.c.RepositoryComponentProvider    : Identified candidate component class: file [C:\Users\gesch\Documents\projeto-lucas\services\benefits-core\target\classes\com\benefits\core\repository\CreditBatchItemRepository.class]
2026-01-19T13:41:25.834-03:00 DEBUG 34844 --- [benefits-core] [           main] o.s.d.r.c.RepositoryComponentProvider    : Identified candidate component class: file [C:\Users\gesch\Documents\projeto-lucas\services\benefits-core\target\classes\com\benefits\core\repository\CreditBatchRepository.class]
2026-01-19T13:41:25.834-03:00 DEBUG 34844 --- [benefits-core] [           main] o.s.d.r.c.RepositoryComponentProvider    : Identified candidate component class: file [C:\Users\gesch\Documents\projeto-lucas\services\benefits-core\target\classes\com\benefits\core\repository\ExpenseReceiptRepository.class]
2026-01-19T13:41:25.834-03:00 DEBUG 34844 --- [benefits-core] [           main] o.s.d.r.c.RepositoryComponentProvider    : Identified candidate component class: file [C:\Users\gesch\Documents\projeto-lucas\services\benefits-core\target\classes\com\benefits\core\repository\ExpenseRepository.class]
2026-01-19T13:41:25.834-03:00 DEBUG 34844 --- [benefits-core] [           main] o.s.d.r.c.RepositoryComponentProvider    : Identified candidate component class: file [C:\Users\gesch\Documents\projeto-lucas\services\benefits-core\target\classes\com\benefits\core\repository\LedgerEntryRepository.class]
2026-01-19T13:41:25.834-03:00 DEBUG 34844 --- [benefits-core] [           main] o.s.d.r.c.RepositoryComponentProvider    : Identified candidate component class: file [C:\Users\gesch\Documents\projeto-lucas\services\benefits-core\target\classes\com\benefits\core\repository\MerchantRepository.class]
2026-01-19T13:41:25.834-03:00 DEBUG 34844 --- [benefits-core] [           main] o.s.d.r.c.RepositoryComponentProvider    : Identified candidate component class: file [C:\Users\gesch\Documents\projeto-lucas\services\benefits-core\target\classes\com\benefits\core\repository\OutboxRepository.class]
2026-01-19T13:41:25.834-03:00 DEBUG 34844 --- [benefits-core] [           main] o.s.d.r.c.RepositoryComponentProvider    : Identified candidate component class: file [C:\Users\gesch\Documents\projeto-lucas\services\benefits-core\target\classes\com\benefits\core\repository\PersonRepository.class]
2026-01-19T13:41:25.834-03:00 DEBUG 34844 --- [benefits-core] [           main] o.s.d.r.c.RepositoryComponentProvider    : Identified candidate component class: file [C:\Users\gesch\Documents\projeto-lucas\services\benefits-core\target\classes\com\benefits\core\repository\RefundRepository.class]
2026-01-19T13:41:25.834-03:00 DEBUG 34844 --- [benefits-core] [           main] o.s.d.r.c.RepositoryComponentProvider    : Identified candidate component class: file [C:\Users\gesch\Documents\projeto-lucas\services\benefits-core\target\classes\com\benefits\core\repository\TerminalRepository.class]
2026-01-19T13:41:25.834-03:00 DEBUG 34844 --- [benefits-core] [           main] o.s.d.r.c.RepositoryComponentProvider    : Identified candidate component class: file [C:\Users\gesch\Documents\projeto-lucas\services\benefits-core\target\classes\com\benefits\core\repository\WalletRepository.class]
2026-01-19T13:41:25.838-03:00  INFO 34844 --- [benefits-core] [           main] .RepositoryConfigurationExtensionSupport : Spring Data Redis - Could not safely identify store assignment for repository candidate interface com.benefits.core.repository.CreditBatchItemRepository; If you want this repository to be a Redis repository, consider annotating your entities with one of these annotations: org.springframework.data.redis.core.RedisHash (preferred), or consider extending one of the following types with your repository: org.springframework.data.keyvalue.repository.KeyValueRepository
2026-01-19T13:41:25.838-03:00  INFO 34844 --- [benefits-core] [           main] .RepositoryConfigurationExtensionSupport : Spring Data Redis - Could not safely identify store assignment for repository candidate interface com.benefits.core.repository.CreditBatchRepository; If you want this repository to be a Redis repository, consider annotating your entities with one of these annotations: org.springframework.data.redis.core.RedisHash (preferred), or consider extending one of the following types with your repository: org.springframework.data.keyvalue.repository.KeyValueRepository
2026-01-19T13:41:25.839-03:00  INFO 34844 --- [benefits-core] [           main] .RepositoryConfigurationExtensionSupport : Spring Data Redis - Could not safely identify store assignment for repository candidate interface com.benefits.core.repository.ExpenseReceiptRepository; If you want this repository to be a Redis repository, consider annotating your entities with one of these annotations: org.springframework.data.redis.core.RedisHash (preferred), or consider extending one of the following types with your repository: org.springframework.data.keyvalue.repository.KeyValueRepository
2026-01-19T13:41:25.839-03:00  INFO 34844 --- [benefits-core] [           main] .RepositoryConfigurationExtensionSupport : Spring Data Redis - Could not safely identify store assignment for repository candidate interface com.benefits.core.repository.ExpenseRepository; If you want this repository to be a Redis repository, consider annotating your entities with one of these annotations: org.springframework.data.redis.core.RedisHash (preferred), or consider extending one of the following types with your repository: org.springframework.data.keyvalue.repository.KeyValueRepository
2026-01-19T13:41:25.839-03:00  INFO 34844 --- [benefits-core] [           main] .RepositoryConfigurationExtensionSupport : Spring Data Redis - Could not safely identify store assignment for repository candidate interface com.benefits.core.repository.LedgerEntryRepository; If you want this repository to be a Redis repository, consider annotating your entities with one of these annotations: org.springframework.data.redis.core.RedisHash (preferred), or consider extending one of the following types with your repository: org.springframework.data.keyvalue.repository.KeyValueRepository
2026-01-19T13:41:25.839-03:00  INFO 34844 --- [benefits-core] [           main] .RepositoryConfigurationExtensionSupport : Spring Data Redis - Could not safely identify store assignment for repository candidate interface com.benefits.core.repository.MerchantRepository; If you want this repository to be a Redis repository, consider annotating your entities with one of these annotations: org.springframework.data.redis.core.RedisHash (preferred), or consider extending one of the following types with your repository: org.springframework.data.keyvalue.repository.KeyValueRepository
2026-01-19T13:41:25.839-03:00  INFO 34844 --- [benefits-core] [           main] .RepositoryConfigurationExtensionSupport : Spring Data Redis - Could not safely identify store assignment for repository candidate interface com.benefits.core.repository.OutboxRepository; If you want this repository to be a Redis repository, consider annotating your entities with one of these annotations: org.springframework.data.redis.core.RedisHash (preferred), or consider extending one of the following types with your repository: org.springframework.data.keyvalue.repository.KeyValueRepository
2026-01-19T13:41:25.839-03:00  INFO 34844 --- [benefits-core] [           main] .RepositoryConfigurationExtensionSupport : Spring Data Redis - Could not safely identify store assignment for repository candidate interface com.benefits.core.repository.PersonRepository; If you want this repository to be a Redis repository, consider annotating your entities with one of these annotations: org.springframework.data.redis.core.RedisHash (preferred), or consider extending one of the following types with your repository: org.springframework.data.keyvalue.repository.KeyValueRepository
2026-01-19T13:41:25.839-03:00  INFO 34844 --- [benefits-core] [           main] .RepositoryConfigurationExtensionSupport : Spring Data Redis - Could not safely identify store assignment for repository candidate interface com.benefits.core.repository.RefundRepository; If you want this repository to be a Redis repository, consider annotating your entities with one of these annotations: org.springframework.data.redis.core.RedisHash (preferred), or consider extending one of the following types with your repository: org.springframework.data.keyvalue.repository.KeyValueRepository
2026-01-19T13:41:25.839-03:00  INFO 34844 --- [benefits-core] [           main] .RepositoryConfigurationExtensionSupport : Spring Data Redis - Could not safely identify store assignment for repository candidate interface com.benefits.core.repository.TerminalRepository; If you want this repository to be a Redis repository, consider annotating your entities with one of these annotations: org.springframework.data.redis.core.RedisHash (preferred), or consider extending one of the following types with your repository: org.springframework.data.keyvalue.repository.KeyValueRepository
2026-01-19T13:41:25.839-03:00  INFO 34844 --- [benefits-core] [           main] .RepositoryConfigurationExtensionSupport : Spring Data Redis - Could not safely identify store assignment for repository candidate interface com.benefits.core.repository.WalletRepository; If you want this repository to be a Redis repository, consider annotating your entities with one of these annotations: org.springframework.data.redis.core.RedisHash (preferred), or consider extending one of the following types with your repository: org.springframework.data.keyvalue.repository.KeyValueRepository
2026-01-19T13:41:25.839-03:00  INFO 34844 --- [benefits-core] [           main] .s.d.r.c.RepositoryConfigurationDelegate : Finished Spring Data repository scanning in 11 ms. Found 0 Redis repository interfaces.
2026-01-19T13:41:25.983-03:00 DEBUG 34844 --- [benefits-core] [           main] o.s.b.f.s.DefaultListableBeanFactory     : Creating shared instance of singleton bean 'refreshScope'
2026-01-19T13:41:25.985-03:00 DEBUG 34844 --- [benefits-core] [           main] o.s.b.f.s.DefaultListableBeanFactory     : Creating shared instance of singleton bean 'org.springframework.cloud.autoconfigure.RefreshAutoConfiguration$RefreshScopeBeanDefinitionEnhancer'
2026-01-19T13:41:25.989-03:00 DEBUG 34844 --- [benefits-core] [           main] o.s.cloud.context.scope.GenericScope     : Generating bean factory id from names: [applicationAvailability, applicationTaskExecutor, applicationTaskExecutorAsyncConfigurer, authenticationEventPublisher, authenticationPrincipalArgumentResolver, authenticationPrincipalArgumentResolverConfigurer, authorizationController, authorizationService, benefitsCoreApplication, bootstrapExecutorAliasPostProcessor, classLoaderMetrics, clientHttpConnector, clientHttpConnectorBuilder, clientHttpConnectorSettings, compositeCompatibilityVerifier, compositeDiscoveryClient, configDataContextRefresher, configurationPropertiesBeans, configurationPropertiesRebinder, connectionFactory, connectionFactoryTransactionManager, controllerEndpointDiscoverer, controllerEndpointHandlerMapping, controllerExposeExcludePropertyEndpointFilter, conversionServicePostProcessor, creditBatchItemRepository, creditBatchRepository, creditBatchService, data-r2dbc.repository-aot-processor#0, data-redis.repository-aot-processor#0, dataSyncController, dataSynchronizationService, defaultCodecCustomizer, defaultMeterObservationHandler, defaultPartHttpMessageReaderCustomizer, defaultServerRequestObservationConvention, defaultValidator, defaultsBindHandlerAdvisor, discoveryClientHealthIndicator, discoveryCompositeHealthContributor, diskSpaceHealthIndicator, diskSpaceMetrics, eagerTaskExecutorMetrics, endpointCachingOperationInvokerAdvisor, endpointMediaTypes, endpointObjectMapper, endpointOperationParameterMapper, environmentManager, errorAttributes, errorWebExceptionHandler, eventPublisherService, exchangeStrategiesCustomizer, expenseController, expenseReceiptRepository, expenseRepository, expenseService, feignChildContextInitializer, feignClientBeanFactoryInitializationCodeGenerator, feignContext, feignFeature, feignTargeter, fileDescriptorMetrics, fileWatcher, filterChainDecoratorPostProcessor, forceAutoProxyCreatorToUseClassProxying, handlerFunctionAdapter, healthContributorRegistry, healthEndpoint, healthEndpointGroupMembershipValidator, healthEndpointGroups, healthEndpointGroupsBeanPostProcessor, healthEndpointWebFluxHandlerMapping, healthHttpCodeStatusMapper, healthStatusAggregator, httpHandler, inetUtils, inetUtilsProperties, infoEndpoint, internalBatchController, jacksonCodecCustomizer, jacksonObjectMapper, jacksonObjectMapperBuilder, jsonComponentModule, jsonMixinModule, jsonMixinModuleEntries, jvmCompilationMetrics, jvmGcMetrics, jvmHeapPressureMetrics, jvmInfoMetrics, jvmMemoryMetrics, jvmThreadMetrics, keyValueMappingContext, ledgerEntryRepository, lettuceClientResources, lettuceMetrics, lifecycleProcessor, loadBalancerClientsDefaultsMappingsProvider, localeContextResolver, logbackMetrics, loggingRebinder, management.endpoint.health-org.springframework.boot.actuate.autoconfigure.health.HealthEndpointProperties, management.endpoints.web-org.springframework.boot.actuate.autoconfigure.endpoint.web.WebEndpointProperties, management.endpoints.web.cors-org.springframework.boot.actuate.autoconfigure.endpoint.web.CorsEndpointProperties, management.health.diskspace-org.springframework.boot.actuate.autoconfigure.system.DiskSpaceHealthIndicatorProperties, management.health.ssl-org.springframework.boot.actuate.autoconfigure.ssl.SslHealthIndicatorProperties, management.info-org.springframework.boot.actuate.autoconfigure.info.InfoContributorProperties, management.metrics-org.springframework.boot.actuate.autoconfigure.metrics.MetricsProperties, management.observations-org.springframework.boot.actuate.autoconfigure.observation.ObservationProperties, management.server-org.springframework.boot.actuate.autoconfigure.web.server.ManagementServerProperties, management.simple.metrics.export-org.springframework.boot.actuate.autoconfigure.metrics.export.simple.SimpleProperties, merchantRepository, meterRegistryCloser, meterRegistryPostProcessor, methodValidationPostProcessor, metricsHttpClientUriTagFilter, metricsHttpServerUriTagFilter, metricsObservationHandlerGrouping, metricsRepositoryMethodInvocationListener, metricsRepositoryMethodInvocationListenerBeanPostProcessor, micrometerClock, micrometerOptions, nettyAutoConfigurationLazyInitializationExcludeFilter, nettyReactiveWebServerFactory, nettyWebServerFactoryCustomizer, observabilitySchedulingConfigurer, observationRegistry, observationRegistryPostProcessor, observationWebClientCustomizer, org.springframework.aop.config.internalAutoProxyCreator, org.springframework.boot.actuate.autoconfigure.availability.AvailabilityHealthContributorAutoConfiguration, org.springframework.boot.actuate.autoconfigure.data.redis.RedisHealthContributorAutoConfiguration, org.springframework.boot.actuate.autoconfigure.data.redis.RedisReactiveHealthContributorAutoConfiguration, org.springframework.boot.actuate.autoconfigure.endpoint.EndpointAutoConfiguration, org.springframework.boot.actuate.autoconfigure.endpoint.jackson.JacksonEndpointAutoConfiguration, org.springframework.boot.actuate.autoconfigure.endpoint.web.WebEndpointAutoConfiguration, org.springframework.boot.actuate.autoconfigure.endpoint.web.reactive.WebFluxEndpointManagementContextConfiguration, org.springframework.boot.actuate.autoconfigure.health.HealthContributorAutoConfiguration, org.springframework.boot.actuate.autoconfigure.health.HealthEndpointAutoConfiguration, org.springframework.boot.actuate.autoconfigure.health.HealthEndpointConfiguration, org.springframework.boot.actuate.autoconfigure.health.HealthEndpointReactiveWebExtensionConfiguration, org.springframework.boot.actuate.autoconfigure.health.HealthEndpointReactiveWebExtensionConfiguration$WebFluxAdditionalHealthEndpointPathsConfiguration, org.springframework.boot.actuate.autoconfigure.health.ReactiveHealthEndpointConfiguration, org.springframework.boot.actuate.autoconfigure.info.InfoContributorAutoConfiguration, org.springframework.boot.actuate.autoconfigure.info.InfoEndpointAutoConfiguration, org.springframework.boot.actuate.autoconfigure.metrics.CompositeMeterRegistryAutoConfiguration, org.springframework.boot.actuate.autoconfigure.metrics.JvmMetricsAutoConfiguration, org.springframework.boot.actuate.autoconfigure.metrics.LogbackMetricsAutoConfiguration, org.springframework.boot.actuate.autoconfigure.metrics.MetricsAutoConfiguration, org.springframework.boot.actuate.autoconfigure.metrics.SystemMetricsAutoConfiguration, org.springframework.boot.actuate.autoconfigure.metrics.data.RepositoryMetricsAutoConfiguration, org.springframework.boot.actuate.autoconfigure.metrics.export.simple.SimpleMetricsExportAutoConfiguration, org.springframework.boot.actuate.autoconfigure.metrics.integration.IntegrationMetricsAutoConfiguration, org.springframework.boot.actuate.autoconfigure.metrics.r2dbc.ConnectionPoolMetricsAutoConfiguration, org.springframework.boot.actuate.autoconfigure.metrics.redis.LettuceMetricsAutoConfiguration, org.springframework.boot.actuate.autoconfigure.metrics.startup.StartupTimeMetricsListenerAutoConfiguration, org.springframework.boot.actuate.autoconfigure.metrics.task.TaskExecutorMetricsAutoConfiguration, org.springframework.boot.actuate.autoconfigure.observation.ObservationAutoConfiguration, org.springframework.boot.actuate.autoconfigure.observation.ObservationAutoConfiguration$MeterObservationHandlerConfiguration, org.springframework.boot.actuate.autoconfigure.observation.ObservationAutoConfiguration$MeterObservationHandlerConfiguration$OnlyMetricsMeterObservationHandlerConfiguration, org.springframework.boot.actuate.autoconfigure.observation.ObservationAutoConfiguration$OnlyMetricsConfiguration, org.springframework.boot.actuate.autoconfigure.observation.web.client.HttpClientObservationsAutoConfiguration, org.springframework.boot.actuate.autoconfigure.observation.web.client.HttpClientObservationsAutoConfiguration$MeterFilterConfiguration, org.springframework.boot.actuate.autoconfigure.observation.web.client.WebClientObservationConfiguration, org.springframework.boot.actuate.autoconfigure.observation.web.reactive.WebFluxObservationAutoConfiguration, org.springframework.boot.actuate.autoconfigure.r2dbc.ConnectionFactoryHealthContributorAutoConfiguration, org.springframework.boot.actuate.autoconfigure.scheduling.ScheduledTasksObservabilityAutoConfiguration, org.springframework.boot.actuate.autoconfigure.security.reactive.ReactiveManagementWebSecurityAutoConfiguration, org.springframework.boot.actuate.autoconfigure.ssl.SslHealthContributorAutoConfiguration, org.springframework.boot.actuate.autoconfigure.ssl.SslObservabilityAutoConfiguration, org.springframework.boot.actuate.autoconfigure.system.DiskSpaceHealthContributorAutoConfiguration, org.springframework.boot.actuate.autoconfigure.web.reactive.ReactiveManagementContextAutoConfiguration, org.springframework.boot.actuate.autoconfigure.web.server.ManagementContextAutoConfiguration, org.springframework.boot.actuate.autoconfigure.web.server.ManagementContextAutoConfiguration$SameManagementContextConfiguration, org.springframework.boot.actuate.autoconfigure.web.server.ManagementContextAutoConfiguration$SameManagementContextConfiguration$EnableSameManagementContextConfiguration, org.springframework.boot.autoconfigure.AutoConfigurationPackages, org.springframework.boot.autoconfigure.aop.AopAutoConfiguration, org.springframework.boot.autoconfigure.aop.AopAutoConfiguration$ClassProxyingConfiguration, org.springframework.boot.autoconfigure.availability.ApplicationAvailabilityAutoConfiguration, org.springframework.boot.autoconfigure.context.ConfigurationPropertiesAutoConfiguration, org.springframework.boot.autoconfigure.context.LifecycleAutoConfiguration, org.springframework.boot.autoconfigure.context.PropertyPlaceholderAutoConfiguration, org.springframework.boot.autoconfigure.dao.PersistenceExceptionTranslationAutoConfiguration, org.springframework.boot.autoconfigure.data.r2dbc.R2dbcDataAutoConfiguration, org.springframework.boot.autoconfigure.data.redis.LettuceConnectionConfiguration, org.springframework.boot.autoconfigure.data.redis.RedisAutoConfiguration, org.springframework.boot.autoconfigure.data.redis.RedisReactiveAutoConfiguration, org.springframework.boot.autoconfigure.data.redis.RedisRepositoriesAutoConfiguration, org.springframework.boot.autoconfigure.http.client.reactive.ClientHttpConnectorAutoConfiguration, org.springframework.boot.autoconfigure.http.client.reactive.ClientHttpConnectorAutoConfiguration$ReactorNetty, org.springframework.boot.autoconfigure.http.codec.CodecsAutoConfiguration, org.springframework.boot.autoconfigure.http.codec.CodecsAutoConfiguration$DefaultCodecsConfiguration, org.springframework.boot.autoconfigure.http.codec.CodecsAutoConfiguration$JacksonCodecConfiguration, org.springframework.boot.autoconfigure.info.ProjectInfoAutoConfiguration, org.springframework.boot.autoconfigure.internalCachingMetadataReaderFactory, org.springframework.boot.autoconfigure.jackson.JacksonAutoConfiguration, org.springframework.boot.autoconfigure.jackson.JacksonAutoConfiguration$Jackson2ObjectMapperBuilderCustomizerConfiguration, org.springframework.boot.autoconfigure.jackson.JacksonAutoConfiguration$JacksonMixinConfiguration, org.springframework.boot.autoconfigure.jackson.JacksonAutoConfiguration$JacksonObjectMapperBuilderConfiguration, org.springframework.boot.autoconfigure.jackson.JacksonAutoConfiguration$JacksonObjectMapperConfiguration, org.springframework.boot.autoconfigure.jackson.JacksonAutoConfiguration$ParameterNamesModuleConfiguration, org.springframework.boot.autoconfigure.jdbc.DataSourceTransactionManagerAutoConfiguration, org.springframework.boot.autoconfigure.netty.NettyAutoConfiguration, org.springframework.boot.autoconfigure.r2dbc.ConnectionFactoryConfigurations$PoolConfiguration, org.springframework.boot.autoconfigure.r2dbc.ConnectionFactoryConfigurations$PoolConfiguration$PooledConnectionFactoryConfiguration, org.springframework.boot.autoconfigure.r2dbc.ConnectionFactoryDependentConfiguration, org.springframework.boot.autoconfigure.r2dbc.R2dbcAutoConfiguration, org.springframework.boot.autoconfigure.r2dbc.R2dbcTransactionManagerAutoConfiguration, org.springframework.boot.autoconfigure.reactor.ReactorAutoConfiguration, org.springframework.boot.autoconfigure.reactor.netty.ReactorNettyConfigurations$ReactorResourceFactoryConfiguration, org.springframework.boot.autoconfigure.security.oauth2.resource.reactive.ReactiveOAuth2ResourceServerAutoConfiguration, org.springframework.boot.autoconfigure.security.reactive.ReactiveSecurityAutoConfiguration, org.springframework.boot.autoconfigure.security.reactive.ReactiveSecurityAutoConfiguration$SpringBootWebFluxSecurityConfiguration, org.springframework.boot.autoconfigure.security.reactive.ReactiveSecurityAutoConfiguration$SpringBootWebFluxSecurityConfiguration$EnableWebFluxSecurityConfiguration, org.springframework.boot.autoconfigure.security.reactive.ReactiveUserDetailsServiceAutoConfiguration, org.springframework.boot.autoconfigure.security.servlet.SecurityAutoConfiguration, org.springframework.boot.autoconfigure.sql.init.R2dbcInitializationConfiguration, org.springframework.boot.autoconfigure.sql.init.SqlInitializationAutoConfiguration, org.springframework.boot.autoconfigure.ssl.SslAutoConfiguration, org.springframework.boot.autoconfigure.task.TaskExecutionAutoConfiguration, org.springframework.boot.autoconfigure.task.TaskExecutorConfigurations$AsyncConfigurerConfiguration, org.springframework.boot.autoconfigure.task.TaskExecutorConfigurations$BootstrapExecutorConfiguration, org.springframework.boot.autoconfigure.task.TaskExecutorConfigurations$SimpleAsyncTaskExecutorBuilderConfiguration, org.springframework.boot.autoconfigure.task.TaskExecutorConfigurations$TaskExecutorConfiguration, org.springframework.boot.autoconfigure.task.TaskExecutorConfigurations$ThreadPoolTaskExecutorBuilderConfiguration, org.springframework.boot.autoconfigure.task.TaskSchedulingAutoConfiguration, org.springframework.boot.autoconfigure.task.TaskSchedulingConfigurations$SimpleAsyncTaskSchedulerBuilderConfiguration, org.springframework.boot.autoconfigure.task.TaskSchedulingConfigurations$TaskSchedulerConfiguration, org.springframework.boot.autoconfigure.task.TaskSchedulingConfigurations$ThreadPoolTaskSchedulerBuilderConfiguration, org.springframework.boot.autoconfigure.transaction.TransactionAutoConfiguration, org.springframework.boot.autoconfigure.transaction.TransactionAutoConfiguration$EnableTransactionManagementConfiguration, org.springframework.boot.autoconfigure.transaction.TransactionAutoConfiguration$EnableTransactionManagementConfiguration$CglibAutoProxyConfiguration, org.springframework.boot.autoconfigure.transaction.TransactionManagerCustomizationAutoConfiguration, org.springframework.boot.autoconfigure.validation.ValidationAutoConfiguration, org.springframework.boot.autoconfigure.web.embedded.EmbeddedWebServerFactoryCustomizerAutoConfiguration, org.springframework.boot.autoconfigure.web.embedded.EmbeddedWebServerFactoryCustomizerAutoConfiguration$NettyWebServerFactoryCustomizerConfiguration, org.springframework.boot.autoconfigure.web.reactive.HttpHandlerAutoConfiguration, org.springframework.boot.autoconfigure.web.reactive.HttpHandlerAutoConfiguration$AnnotationConfig, org.springframework.boot.autoconfigure.web.reactive.ReactiveMultipartAutoConfiguration, org.springframework.boot.autoconfigure.web.reactive.ReactiveWebServerFactoryAutoConfiguration, org.springframework.boot.autoconfigure.web.reactive.ReactiveWebServerFactoryConfiguration$EmbeddedNetty, org.springframework.boot.autoconfigure.web.reactive.WebFluxAutoConfiguration, org.springframework.boot.autoconfigure.web.reactive.WebFluxAutoConfiguration$EnableWebFluxConfiguration, org.springframework.boot.autoconfigure.web.reactive.WebFluxAutoConfiguration$WebFluxConfig, org.springframework.boot.autoconfigure.web.reactive.WebFluxAutoConfiguration$WelcomePageConfiguration, org.springframework.boot.autoconfigure.web.reactive.WebSessionIdResolverAutoConfiguration, org.springframework.boot.autoconfigure.web.reactive.error.ErrorWebFluxAutoConfiguration, org.springframework.boot.autoconfigure.web.reactive.function.client.ClientHttpConnectorAutoConfiguration, org.springframework.boot.autoconfigure.web.reactive.function.client.ClientHttpConnectorAutoConfiguration$ReactorNetty, org.springframework.boot.autoconfigure.web.reactive.function.client.WebClientAutoConfiguration, org.springframework.boot.autoconfigure.web.reactive.function.client.WebClientAutoConfiguration$WebClientCodecsConfiguration, org.springframework.boot.context.internalConfigurationPropertiesBinder, org.springframework.boot.context.properties.BoundConfigurationProperties, org.springframework.boot.context.properties.ConfigurationPropertiesBindingPostProcessor, org.springframework.boot.context.properties.EnableConfigurationPropertiesRegistrar.methodValidationExcludeFilter, org.springframework.boot.sql.init.dependency.DatabaseInitializationDependencyConfigurer$DependsOnDatabaseInitializationPostProcessor, org.springframework.boot.test.mock.mockito.MockitoPostProcessor, org.springframework.boot.test.mock.mockito.MockitoPostProcessor$SpyPostProcessor, org.springframework.cloud.autoconfigure.ConfigurationPropertiesRebinderAutoConfiguration, org.springframework.cloud.autoconfigure.LifecycleMvcEndpointAutoConfiguration, org.springframework.cloud.autoconfigure.PauseResumeEndpointsConfiguration, org.springframework.cloud.autoconfigure.RefreshAutoConfiguration, org.springframework.cloud.autoconfigure.RefreshAutoConfiguration$RefreshScopeBeanDefinitionEnhancer, org.springframework.cloud.autoconfigure.RefreshEndpointAutoConfiguration, org.springframework.cloud.autoconfigure.RefreshEndpointAutoConfiguration$RefreshEndpointConfiguration, org.springframework.cloud.autoconfigure.RestartEndpointWithoutIntegrationConfiguration, org.springframework.cloud.client.CommonsClientAutoConfiguration, org.springframework.cloud.client.CommonsClientAutoConfiguration$ActuatorConfiguration, org.springframework.cloud.client.CommonsClientAutoConfiguration$DiscoveryLoadBalancerConfiguration, org.springframework.cloud.client.ReactiveCommonsClientAutoConfiguration, org.springframework.cloud.client.ReactiveCommonsClientAutoConfiguration$ReactiveDiscoveryLoadBalancerConfiguration, org.springframework.cloud.client.discovery.composite.CompositeDiscoveryClientAutoConfiguration, org.springframework.cloud.client.discovery.composite.reactive.ReactiveCompositeDiscoveryClientAutoConfiguration, org.springframework.cloud.client.discovery.simple.SimpleDiscoveryClientAutoConfiguration, org.springframework.cloud.client.discovery.simple.reactive.SimpleReactiveDiscoveryClientAutoConfiguration, org.springframework.cloud.client.discovery.simple.reactive.SimpleReactiveDiscoveryClientAutoConfiguration$HealthConfiguration, org.springframework.cloud.client.loadbalancer.LoadBalancerDefaultMappingsProviderAutoConfiguration, org.springframework.cloud.client.serviceregistry.AutoServiceRegistrationAutoConfiguration, org.springframework.cloud.client.serviceregistry.AutoServiceRegistrationConfiguration, org.springframework.cloud.client.serviceregistry.ServiceRegistryAutoConfiguration, org.springframework.cloud.commons.config.CommonsConfigAutoConfiguration, org.springframework.cloud.commons.util.UtilAutoConfiguration, org.springframework.cloud.configuration.CompatibilityVerifierAutoConfiguration, org.springframework.cloud.openfeign.FeignAutoConfiguration, org.springframework.cloud.openfeign.FeignAutoConfiguration$DefaultFeignTargeterConfiguration, org.springframework.cloud.openfeign.FeignAutoConfiguration$FeignJacksonConfiguration, org.springframework.context.annotation.internalAutowiredAnnotationProcessor, org.springframework.context.annotation.internalCommonAnnotationProcessor, org.springframework.context.annotation.internalConfigurationAnnotationProcessor, org.springframework.context.annotation.internalScheduledAnnotationProcessor, org.springframework.context.event.internalEventListenerFactory, org.springframework.context.event.internalEventListenerProcessor, org.springframework.data.r2dbc.repository.config.R2dbcRepositoryConfigurationExtension#0, org.springframework.scheduling.annotation.SchedulingConfiguration, org.springframework.security.config.annotation.web.reactive.HttpSecurityConfiguration.httpSecurity, org.springframework.security.config.annotation.web.reactive.ReactiveObservationConfiguration, org.springframework.security.config.annotation.web.reactive.ServerHttpSecurityConfiguration, org.springframework.security.config.annotation.web.reactive.WebFluxSecurityConfiguration, org.springframework.security.config.annotation.web.reactive.WebFluxSecurityConfiguration.WebFilterChainFilter, org.springframework.test.context.support.internalDynamicPropertyRegistrarBeanInitializer, org.springframework.transaction.annotation.ProxyTransactionManagementConfiguration, org.springframework.transaction.config.internalTransactionAdvisor, org.springframework.transaction.config.internalTransactionalEventListenerFactory, outboxProcessor, outboxRepository, outboxService, pageJacksonModule, parameterNamesModule, pathMappedEndpoints, persistenceExceptionTranslationPostProcessor, personRepository, pingHealthContributor, platformTransactionManagerCustomizers, processorMetrics, propertiesEndpointAccessResolver, propertiesMeterFilter, propertiesObservationFilter, propertiesR2dbcConnectionDetails, propertySourcesPlaceholderConfigurer, r2dbc.CreditBatchItemRepository.fragments#0, r2dbc.CreditBatchRepository.fragments#0, r2dbc.ExpenseReceiptRepository.fragments#0, r2dbc.ExpenseRepository.fragments#0, r2dbc.LedgerEntryRepository.fragments#0, r2dbc.MerchantRepository.fragments#0, r2dbc.OutboxRepository.fragments#0, r2dbc.PersonRepository.fragments#0, r2dbc.RefundRepository.fragments#0, r2dbc.TerminalRepository.fragments#0, r2dbc.WalletRepository.fragments#0, r2dbc.named-queries#0, r2dbc.named-queries#1, r2dbc.named-queries#10, r2dbc.named-queries#2, r2dbc.named-queries#3, r2dbc.named-queries#4, r2dbc.named-queries#5, r2dbc.named-queries#6, r2dbc.named-queries#7, r2dbc.named-queries#8, r2dbc.named-queries#9, r2dbcConverter, r2dbcCustomConversions, r2dbcDatabaseClient, r2dbcEntityTemplate, r2dbcHealthContributor, r2dbcManagedTypes, r2dbcMappingContext, r2dbcScriptDatabaseInitializer, reactiveAuthenticationManagerPostProcessor, reactiveCommonsFeatures, reactiveCompositeDiscoveryClient, reactiveCurrentSecurityContextArgumentResolver, reactiveDiscoveryClients, reactiveHealthContributorRegistry, reactiveHealthEndpointWebExtension, reactiveRedisTemplate, reactiveStringRedisTemplate, reactiveUserDetailsService, reactiveWebChildContextFactory, reactiveWebServerFactoryCustomizer, reactorAutoConfigurationLazyInitializationExcludeFilter, reactorNettyHttpClientMapperClientHttpConnectorBuilderCustomizer, reactorResourceFactory, reactorResourceFactoryClientHttpConnectorBuilderCustomizer, redisConnectionDetails, redisConnectionFactory, redisConverter, redisCustomConversions, redisHealthContributor, redisIndexConfiguration#0, redisKeyValueAdapter, redisKeyValueTemplate, redisKeyspaceConfiguration#0, redisMappingConfiguration#0, redisReferenceResolver, redisTemplate, refreshEventListener, refreshScope, refreshScopeHealthIndicator, refreshScopeLifecycle, refundController, refundRepository, refundService, repositoryTagsProvider, requestDataValueProcessor, requestMappingHandlerAdapter, requestMappingHandlerMapping, resourceHandlerMapping, resourceUrlProvider, responseBodyResultHandler, responseEntityResultHandler, responseStatusExceptionHandler, routerFunctionMapping, scheduledBeanLazyInitializationExcludeFilter, server-org.springframework.boot.autoconfigure.web.ServerProperties, serverCodecConfigurer, serverCodecConfigurerEndpointObjectMapperBeanPostProcessor, serverResponseResultHandler, simpleAsyncTaskExecutorBuilder, simpleAsyncTaskSchedulerBuilder, simpleConfig, simpleDiscoveryClient, simpleDiscoveryProperties, simpleHandlerAdapter, simpleMeterRegistry, simpleReactiveDiscoveryClient, simpleReactiveDiscoveryClientHealthIndicator, simpleReactiveDiscoveryProperties, sleuthPresentVerifier, sortModule, spring.cloud.compatibility-verifier-org.springframework.cloud.configuration.CompatibilityVerifierProperties, spring.cloud.discovery.client.health-indicator-org.springframework.cloud.client.discovery.health.DiscoveryClientHealthIndicatorProperties, spring.cloud.openfeign.client-org.springframework.cloud.openfeign.FeignClientProperties, spring.cloud.openfeign.encoder-org.springframework.cloud.openfeign.support.FeignEncoderProperties, spring.cloud.openfeign.httpclient-org.springframework.cloud.openfeign.support.FeignHttpClientProperties, spring.cloud.refresh-org.springframework.cloud.autoconfigure.RefreshAutoConfiguration$RefreshProperties, spring.cloud.service-registry.auto-registration-org.springframework.cloud.client.serviceregistry.AutoServiceRegistrationProperties, spring.codec-org.springframework.boot.autoconfigure.codec.CodecProperties, spring.data.redis-org.springframework.boot.autoconfigure.data.redis.RedisProperties, spring.http.codecs-org.springframework.boot.autoconfigure.http.codec.HttpCodecsProperties, spring.http.reactiveclient-org.springframework.boot.autoconfigure.http.client.reactive.HttpReactiveClientProperties, spring.info-org.springframework.boot.autoconfigure.info.ProjectInfoProperties, spring.jackson-org.springframework.boot.autoconfigure.jackson.JacksonProperties, spring.lifecycle-org.springframework.boot.autoconfigure.context.LifecycleProperties, spring.netty-org.springframework.boot.autoconfigure.netty.NettyProperties, spring.r2dbc-org.springframework.boot.autoconfigure.r2dbc.R2dbcProperties, spring.reactor-org.springframework.boot.autoconfigure.reactor.ReactorProperties, spring.reactor.netty-org.springframework.boot.autoconfigure.reactor.netty.ReactorNettyProperties, spring.security-org.springframework.boot.autoconfigure.security.SecurityProperties, spring.security.oauth2.resourceserver-org.springframework.boot.autoconfigure.security.oauth2.resource.OAuth2ResourceServerProperties, spring.sql.init-org.springframework.boot.autoconfigure.sql.init.SqlInitializationProperties, spring.ssl-org.springframework.boot.autoconfigure.ssl.SslProperties, spring.task.execution-org.springframework.boot.autoconfigure.task.TaskExecutionProperties, spring.task.scheduling-org.springframework.boot.autoconfigure.task.TaskSchedulingProperties, spring.transaction-org.springframework.boot.autoconfigure.transaction.TransactionProperties, spring.web-org.springframework.boot.autoconfigure.web.WebProperties, spring.webflux-org.springframework.boot.autoconfigure.web.reactive.WebFluxProperties, spring.webflux.multipart-org.springframework.boot.autoconfigure.web.reactive.ReactiveMultipartProperties, springBootVersionVerifier, springCloudCommonsFeatures, springSecurityFilterChain, sslBundleRegistry, sslHealthIndicator, sslInfo, sslMeterBinder, sslPropertiesSslBundleRegistrar, standardJacksonObjectMapperBuilderCustomizer, startupTimeMetrics, stringRedisTemplate, taskScheduler, terminalRepository, threadPoolTaskExecutorBuilder, threadPoolTaskSchedulerBuilder, transactionAttributeSource, transactionExecutionListeners, transactionInterceptor, transactionalOperator, uptimeMetrics, viewResolutionResultHandler, walletRepository, webAccessPropertiesOperationFilter, webAuthorizationManagerPostProcessor, webClientBuilder, webClientHttpConnectorCustomizer, webClientSsl, webEndpointDiscoverer, webEndpointPathMapper, webEndpointReactiveHandlerMapping, webExposeExcludePropertyEndpointFilter, webFluxAdapterRegistry, webFluxContentTypeResolver, webFluxConversionService, webFluxValidator, webFluxWebSocketHandlerAdapter, webHandler, webServerFactoryCustomizerBeanPostProcessor, webSessionIdResolver, webSessionManager, welcomePageRouterFunctionMapping]
2026-01-19T13:41:25.992-03:00  INFO 34844 --- [benefits-core] [           main] o.s.cloud.context.scope.GenericScope     : BeanFactory id=dd70ab4e-88da-3185-90a3-a34b3267c79c
2026-01-19T13:41:25.992-03:00 DEBUG 34844 --- [benefits-core] [           main] o.s.b.f.s.DefaultListableBeanFactory     : Creating shared instance of singleton bean 'propertySourcesPlaceholderConfigurer'
2026-01-19T13:41:25.997-03:00 DEBUG 34844 --- [benefits-core] [           main] o.s.b.f.s.DefaultListableBeanFactory     : Creating shared instance of singleton bean 'org.springframework.boot.test.mock.mockito.MockitoPostProcessor'
2026-01-19T13:41:25.998-03:00 DEBUG 34844 --- [benefits-core] [           main] o.s.b.f.s.DefaultListableBeanFactory     : Creating shared instance of singleton bean 'org.springframework.boot.sql.init.dependency.DatabaseInitializationDependencyConfigurer$DependsOnDatabaseInitializationPostProcessor'
2026-01-19T13:41:26.066-03:00 DEBUG 34844 --- [benefits-core] [           main] o.s.b.f.s.DefaultListableBeanFactory     : Creating shared instance of singleton bean 'org.springframework.context.event.internalEventListenerProcessor'
2026-01-19T13:41:26.066-03:00 DEBUG 34844 --- [benefits-core] [           main] o.s.b.f.s.DefaultListableBeanFactory     : Creating shared instance of singleton bean 'bootstrapExecutorAliasPostProcessor'
2026-01-19T13:41:26.069-03:00 DEBUG 34844 --- [benefits-core] [           main] o.s.b.f.s.DefaultListableBeanFactory     : Creating shared instance of singleton bean 'forceAutoProxyCreatorToUseClassProxying'
2026-01-19T13:41:26.070-03:00 DEBUG 34844 --- [benefits-core] [           main] o.s.b.f.s.DefaultListableBeanFactory     : Creating shared instance of singleton bean 'conversionServicePostProcessor'
2026-01-19T13:41:26.070-03:00 DEBUG 34844 --- [benefits-core] [           main] o.s.b.f.s.DefaultListableBeanFactory     : Creating shared instance of singleton bean 'org.springframework.context.event.internalEventListenerFactory'
2026-01-19T13:41:26.071-03:00 DEBUG 34844 --- [benefits-core] [           main] o.s.b.f.s.DefaultListableBeanFactory     : Creating shared instance of singleton bean 'org.springframework.transaction.config.internalTransactionalEventListenerFactory'
2026-01-19T13:41:26.073-03:00 DEBUG 34844 --- [benefits-core] [           main] o.s.b.f.s.DefaultListableBeanFactory     : Creating shared instance of singleton bean 'org.springframework.boot.test.mock.mockito.MockitoPostProcessor$SpyPostProcessor'
2026-01-19T13:41:26.074-03:00 DEBUG 34844 --- [benefits-core] [           main] o.s.b.f.s.DefaultListableBeanFactory     : Creating shared instance of singleton bean 'org.springframework.context.annotation.internalAutowiredAnnotationProcessor'
2026-01-19T13:41:26.074-03:00 DEBUG 34844 --- [benefits-core] [           main] o.s.b.f.s.DefaultListableBeanFactory     : Creating shared instance of singleton bean 'org.springframework.context.annotation.internalCommonAnnotationProcessor'
2026-01-19T13:41:26.075-03:00 DEBUG 34844 --- [benefits-core] [           main] o.s.b.f.s.DefaultListableBeanFactory     : Creating shared instance of singleton bean 'org.springframework.boot.context.properties.ConfigurationPropertiesBindingPostProcessor'
2026-01-19T13:41:26.075-03:00 DEBUG 34844 --- [benefits-core] [           main] o.s.b.f.s.DefaultListableBeanFactory     : Creating shared instance of singleton bean 'org.springframework.boot.context.internalConfigurationPropertiesBinder'
2026-01-19T13:41:26.076-03:00 DEBUG 34844 --- [benefits-core] [           main] o.s.b.f.s.DefaultListableBeanFactory     : Creating shared instance of singleton bean 'org.springframework.context.annotation.internalScheduledAnnotationProcessor'
2026-01-19T13:41:26.076-03:00 DEBUG 34844 --- [benefits-core] [           main] o.s.b.f.s.DefaultListableBeanFactory     : Creating shared instance of singleton bean 'org.springframework.scheduling.annotation.SchedulingConfiguration'
2026-01-19T13:41:26.076-03:00 DEBUG 34844 --- [benefits-core] [           main] o.s.b.f.s.DefaultListableBeanFactory     : Creating shared instance of singleton bean 'methodValidationPostProcessor'
2026-01-19T13:41:26.078-03:00 DEBUG 34844 --- [benefits-core] [           main] o.s.b.f.s.DefaultListableBeanFactory     : Autowiring by type from bean name 'methodValidationPostProcessor' via factory method to bean named 'environment'
2026-01-19T13:41:26.082-03:00 DEBUG 34844 --- [benefits-core] [           main] o.s.b.f.s.DefaultListableBeanFactory     : Creating shared instance of singleton bean 'org.springframework.boot.context.properties.EnableConfigurationPropertiesRegistrar.methodValidationExcludeFilter'
2026-01-19T13:41:26.084-03:00 DEBUG 34844 --- [benefits-core] [           main] o.s.b.f.s.DefaultListableBeanFactory     : Creating shared instance of singleton bean 'persistenceExceptionTranslationPostProcessor'
2026-01-19T13:41:26.084-03:00 DEBUG 34844 --- [benefits-core] [           main] o.s.b.f.s.DefaultListableBeanFactory     : Autowiring by type from bean name 'persistenceExceptionTranslationPostProcessor' via factory method to bean named 'environment'
2026-01-19T13:41:26.086-03:00 DEBUG 34844 --- [benefits-core] [           main] o.s.b.f.s.DefaultListableBeanFactory     : Creating shared instance of singleton bean 'org.springframework.aop.config.internalAutoProxyCreator'
2026-01-19T13:41:26.093-03:00 DEBUG 34844 --- [benefits-core] [           main] o.s.b.f.s.DefaultListableBeanFactory     : Creating shared instance of singleton bean 'webServerFactoryCustomizerBeanPostProcessor'
2026-01-19T13:41:26.093-03:00 DEBUG 34844 --- [benefits-core] [           main] o.s.b.f.s.DefaultListableBeanFactory     : Creating shared instance of singleton bean 'meterRegistryPostProcessor'
2026-01-19T13:41:26.096-03:00 DEBUG 34844 --- [benefits-core] [           main] o.s.b.f.s.DefaultListableBeanFactory     : Autowiring by type from bean name 'meterRegistryPostProcessor' via factory method to bean named 'org.springframework.boot.web.reactive.context.GenericReactiveWebApplicationContext@31de27c'
2026-01-19T13:41:26.100-03:00 DEBUG 34844 --- [benefits-core] [           main] o.s.b.f.s.DefaultListableBeanFactory     : Creating shared instance of singleton bean 'org.springframework.transaction.config.internalTransactionAdvisor'
2026-01-19T13:41:26.101-03:00 DEBUG 34844 --- [benefits-core] [           main] o.s.b.f.s.DefaultListableBeanFactory     : Creating shared instance of singleton bean 'org.springframework.transaction.annotation.ProxyTransactionManagementConfiguration'
[...]
scriptors = [], propertySourceProperties = [&quot;org.springframework.boot.test.context.SpringBootTestContextBootstrapper=true&quot;], contextCustomizers = [org.springframework.boot.test.context.filter.ExcludeFilterContextCustomizer@1d483de4, org.springframework.boot.test.json.DuplicateJsonObjectContextCustomizerFactory$DuplicateJsonObjectContextCustomizer@934b6cb, org.springframework.boot.test.mock.mockito.MockitoContextCustomizer@0, org.springframework.boot.test.web.client.TestRestTemplateContextCustomizer@4b5798c2, org.springframework.boot.test.web.reactive.server.WebTestClientContextCustomizer@31ab4859, org.springframework.boot.test.web.reactor.netty.DisableReactorResourceFactoryGlobalResourcesContextCustomizerFactory$DisableReactorResourceFactoryGlobalResourcesContextCustomizerCustomizer@30bce90b, org.springframework.boot.test.autoconfigure.OnFailureConditionReportContextCustomizerFactory$OnFailureConditionReportContextCustomizer@2474f125, org.springframework.boot.test.autoconfigure.actuate.observability.ObservabilityContextCustomizerFactory$DisableObservabilityContextCustomizer@1f, org.springframework.boot.test.autoconfigure.properties.PropertyMappingContextCustomizer@0, org.springframework.boot.test.autoconfigure.web.servlet.WebDriverContextCustomizer@2c07545f, org.springframework.test.context.support.DynamicPropertiesContextCustomizer@4e3af3fe, org.springframework.boot.test.context.SpringBootTestAnnotation@2f2ed0f], contextLoader = org.springframework.boot.test.context.SpringBootContextLoader, parent = null]" type="java.lang.IllegalStateException"><![CDATA[java.lang.IllegalStateException: ApplicationContext failure threshold (1) exceeded: skipping repeated attempt to load context for [ReactiveWebMergedContextConfiguration@3e8c9981 testClass = com.benefits.core.integration.BenefitsCoreIntegrationTest, locations = [], classes = [com.benefits.core.BenefitsCoreApplication], contextInitializerClasses = [], activeProfiles = [], propertySourceDescriptors = [], propertySourceProperties = ["org.springframework.boot.test.context.SpringBootTestContextBootstrapper=true"], contextCustomizers = [org.springframework.boot.test.context.filter.ExcludeFilterContextCustomizer@1d483de4, org.springframework.boot.test.json.DuplicateJsonObjectContextCustomizerFactory$DuplicateJsonObjectContextCustomizer@934b6cb, org.springframework.boot.test.mock.mockito.MockitoContextCustomizer@0, org.springframework.boot.test.web.client.TestRestTemplateContextCustomizer@4b5798c2, org.springframework.boot.test.web.reactive.server.WebTestClientContextCustomizer@31ab4859, org.springframework.boot.test.web.reactor.netty.DisableReactorResourceFactoryGlobalResourcesContextCustomizerFactory$DisableReactorResourceFactoryGlobalResourcesContextCustomizerCustomizer@30bce90b, org.springframework.boot.test.autoconfigure.OnFailureConditionReportContextCustomizerFactory$OnFailureConditionReportContextCustomizer@2474f125, org.springframework.boot.test.autoconfigure.actuate.observability.ObservabilityContextCustomizerFactory$DisableObservabilityContextCustomizer@1f, org.springframework.boot.test.autoconfigure.properties.PropertyMappingContextCustomizer@0, org.springframework.boot.test.autoconfigure.web.servlet.WebDriverContextCustomizer@2c07545f, org.springframework.test.context.support.DynamicPropertiesContextCustomizer@4e3af3fe, org.springframework.boot.test.context.SpringBootTestAnnotation@2f2ed0f], contextLoader = org.springframework.boot.test.context.SpringBootContextLoader, parent = null]
	at org.springframework.test.context.cache.DefaultCacheAwareContextLoaderDelegate.loadContext(DefaultCacheAwareContextLoaderDelegate.java:145)
	at org.springframework.test.context.support.DefaultTestContext.getApplicationContext(DefaultTestContext.java:130)
	at org.springframework.test.context.support.DependencyInjectionTestExecutionListener.injectDependencies(DependencyInjectionTestExecutionListener.java:155)
	at org.springframework.test.context.support.DependencyInjectionTestExecutionListener.prepareTestInstance(DependencyInjectionTestExecutionListener.java:111)
	at org.springframework.test.context.TestContextManager.prepareTestInstance(TestContextManager.java:260)
	at org.springframework.test.context.junit.jupiter.SpringExtension.postProcessTestInstance(SpringExtension.java:159)
	at java.base/java.util.stream.ForEachOps$ForEachOp$OfRef.accept(ForEachOps.java:186)
	at java.base/java.util.stream.ReferencePipeline$3$1.accept(ReferencePipeline.java:215)
	at java.base/java.util.stream.ReferencePipeline$2$1.accept(ReferencePipeline.java:197)
	at java.base/java.util.stream.ReferencePipeline$3$1.accept(ReferencePipeline.java:215)
	at java.base/java.util.ArrayList$ArrayListSpliterator.forEachRemaining(ArrayList.java:1716)
	at java.base/java.util.stream.AbstractPipeline.copyInto(AbstractPipeline.java:570)
	at java.base/java.util.stream.AbstractPipeline.wrapAndCopyInto(AbstractPipeline.java:560)
	at java.base/java.util.stream.ForEachOps$ForEachOp.evaluateSequential(ForEachOps.java:153)
	at java.base/java.util.stream.ForEachOps$ForEachOp$OfRef.evaluateSequential(ForEachOps.java:176)
	at java.base/java.util.stream.AbstractPipeline.evaluate(AbstractPipeline.java:265)
	at java.base/java.util.stream.ReferencePipeline.forEach(ReferencePipeline.java:636)
	at java.base/java.util.Optional.orElseGet(Optional.java:364)
	at java.base/java.util.ArrayList.forEach(ArrayList.java:1604)
	at java.base/java.util.ArrayList.forEach(ArrayList.java:1604)
]]></error>
    <system-out><![CDATA[2026-01-19T13:41:27.178-03:00 DEBUG 34844 --- [benefits-core] [           main] DependencyInjectionTestExecutionListener : Performing dependency injection for test class com.benefits.core.integration.BenefitsCoreIntegrationTest
2026-01-19T13:41:27.178-03:00 DEBUG 34844 --- [benefits-core] [           main] org.springframework.test.context.cache   : Spring test ApplicationContext cache statistics: [DefaultContextCache@28367da7 size = 0, maxSize = 32, parentContextCount = 0, hitCount = 0, missCount = 8, failureCount = 3]
2026-01-19T13:41:27.178-03:00  WARN 34844 --- [benefits-core] [           main] o.s.test.context.TestContextManager      : Caught exception while allowing TestExecutionListener [org.springframework.test.context.support.DependencyInjectionTestExecutionListener] to prepare test instance [com.benefits.core.integration.BenefitsCoreIntegrationTest@70199db0]

java.lang.IllegalStateException: ApplicationContext failure threshold (1) exceeded: skipping repeated attempt to load context for [ReactiveWebMergedContextConfiguration@3e8c9981 testClass = com.benefits.core.integration.BenefitsCoreIntegrationTest, locations = [], classes = [com.benefits.core.BenefitsCoreApplication], contextInitializerClasses = [], activeProfiles = [], propertySourceDescriptors = [], propertySourceProperties = ["org.springframework.boot.test.context.SpringBootTestContextBootstrapper=true"], contextCustomizers = [org.springframework.boot.test.context.filter.ExcludeFilterContextCustomizer@1d483de4, org.springframework.boot.test.json.DuplicateJsonObjectContextCustomizerFactory$DuplicateJsonObjectContextCustomizer@934b6cb, org.springframework.boot.test.mock.mockito.MockitoContextCustomizer@0, org.springframework.boot.test.web.client.TestRestTemplateContextCustomizer@4b5798c2, org.springframework.boot.test.web.reactive.server.WebTestClientContextCustomizer@31ab4859, org.springframework.boot.test.web.reactor.netty.DisableReactorResourceFactoryGlobalResourcesContextCustomizerFactory$DisableReactorResourceFactoryGlobalResourcesContextCustomizerCustomizer@30bce90b, org.springframework.boot.test.autoconfigure.OnFailureConditionReportContextCustomizerFactory$OnFailureConditionReportContextCustomizer@2474f125, org.springframework.boot.test.autoconfigure.actuate.observability.ObservabilityContextCustomizerFactory$DisableObservabilityContextCustomizer@1f, org.springframework.boot.test.autoconfigure.properties.PropertyMappingContextCustomizer@0, org.springframework.boot.test.autoconfigure.web.servlet.WebDriverContextCustomizer@2c07545f, org.springframework.test.context.support.DynamicPropertiesContextCustomizer@4e3af3fe, org.springframework.boot.test.context.SpringBootTestAnnotation@2f2ed0f], contextLoader = org.springframework.boot.test.context.SpringBootContextLoader, parent = null]
	at org.springframework.test.context.cache.DefaultCacheAwareContextLoaderDelegate.loadContext(DefaultCacheAwareContextLoaderDelegate.java:145) ~[spring-test-6.2.15.jar:6.2.15]
	at org.springframework.test.context.support.DefaultTestContext.getApplicationContext(DefaultTestContext.java:130) ~[spring-test-6.2.15.jar:6.2.15]
	at org.springframework.test.context.support.DependencyInjectionTestExecutionListener.injectDependencies(DependencyInjectionTestExecutionListener.java:155) ~[spring-test-6.2.15.jar:6.2.15]
	at org.springframework.test.context.support.DependencyInjectionTestExecutionListener.prepareTestInstance(DependencyInjectionTestExecutionListener.java:111) ~[spring-test-6.2.15.jar:6.2.15]
	at org.springframework.test.context.TestContextManager.prepareTestInstance(TestContextManager.java:260) ~[spring-test-6.2.15.jar:6.2.15]
	at org.springframework.test.context.junit.jupiter.SpringExtension.postProcessTestInstance(SpringExtension.java:159) ~[spring-test-6.2.15.jar:6.2.15]
	at org.junit.jupiter.engine.descriptor.ClassBasedTestDescriptor.lambda$invokeTestInstancePostProcessors$10(ClassBasedTestDescriptor.java:383) ~[junit-jupiter-engine-5.12.2.jar:5.12.2]
	at org.junit.jupiter.engine.descriptor.ClassBasedTestDescriptor.executeAndMaskThrowable(ClassBasedTestDescriptor.java:388) ~[junit-jupiter-engine-5.12.2.jar:5.12.2]
	at org.junit.jupiter.engine.descriptor.ClassBasedTestDescriptor.lambda$invokeTestInstancePostProcessors$11(ClassBasedTestDescriptor.java:382) ~[junit-jupiter-engine-5.12.2.jar:5.12.2]
	at java.base/java.util.stream.ForEachOps$ForEachOp$OfRef.accept(ForEachOps.java:186) ~[na:na]
	at java.base/java.util.stream.ReferencePipeline$3$1.accept(ReferencePipeline.java:215) ~[na:na]
	at java.base/java.util.stream.ReferencePipeline$2$1.accept(ReferencePipeline.java:197) ~[na:na]
	at java.base/java.util.stream.ReferencePipeline$3$1.accept(ReferencePipeline.java:215) ~[na:na]
	at java.base/java.util.ArrayList$ArrayListSpliterator.forEachRemaining(ArrayList.java:1716) ~[na:na]
	at java.base/java.util.stream.AbstractPipeline.copyInto(AbstractPipeline.java:570) ~[na:na]
	at java.base/java.util.stream.AbstractPipeline.wrapAndCopyInto(AbstractPipeline.java:560) ~[na:na]
	at java.base/java.util.stream.ForEachOps$ForEachOp.evaluateSequential(ForEachOps.java:153) ~[na:na]
	at java.base/java.util.stream.ForEachOps$ForEachOp$OfRef.evaluateSequential(ForEachOps.java:176) ~[na:na]
	at java.base/java.util.stream.AbstractPipeline.evaluate(AbstractPipeline.java:265) ~[na:na]
	at java.base/java.util.stream.ReferencePipeline.forEach(ReferencePipeline.java:636) ~[na:na]
	at org.junit.jupiter.engine.descriptor.ClassBasedTestDescriptor.invokeTestInstancePostProcessors(ClassBasedTestDescriptor.java:382) ~[junit-jupiter-engine-5.12.2.jar:5.12.2]
	at org.junit.jupiter.engine.descriptor.ClassBasedTestDescriptor.lambda$instantiateAndPostProcessTestInstance$6(ClassBasedTestDescriptor.java:293) ~[junit-jupiter-engine-5.12.2.jar:5.12.2]
	at org.junit.platform.engine.support.hierarchical.ThrowableCollector.execute(ThrowableCollector.java:73) ~[junit-platform-engine-1.12.2.jar:1.12.2]
	at org.junit.jupiter.engine.descriptor.ClassBasedTestDescriptor.instantiateAndPostProcessTestInstance(ClassBasedTestDescriptor.java:292) ~[junit-jupiter-engine-5.12.2.jar:5.12.2]
	at org.junit.jupiter.engine.descriptor.ClassBasedTestDescriptor.lambda$testInstancesProvider$4(ClassBasedTestDescriptor.java:281) ~[junit-jupiter-engine-5.12.2.jar:5.12.2]
	at java.base/java.util.Optional.orElseGet(Optional.java:364) ~[na:na]
	at org.junit.jupiter.engine.descriptor.ClassBasedTestDescriptor.lambda$testInstancesProvider$5(ClassBasedTestDescriptor.java:280) ~[junit-jupiter-engine-5.12.2.jar:5.12.2]
	at org.junit.jupiter.engine.execution.TestInstancesProvider.getTestInstances(TestInstancesProvider.java:27) ~[junit-jupiter-engine-5.12.2.jar:5.12.2]
	at org.junit.jupiter.engine.descriptor.TestMethodTestDescriptor.lambda$prepare$0(TestMethodTestDescriptor.java:112) ~[junit-jupiter-engine-5.12.2.jar:5.12.2]
	at org.junit.platform.engine.support.hierarchical.ThrowableCollector.execute(ThrowableCollector.java:73) ~[junit-platform-engine-1.12.2.jar:1.12.2]
	at org.junit.jupiter.engine.descriptor.TestMethodTestDescriptor.prepare(TestMethodTestDescriptor.java:111) ~[junit-jupiter-engine-5.12.2.jar:5.12.2]
	at org.junit.jupiter.engine.descriptor.TestMethodTestDescriptor.prepare(TestMethodTestDescriptor.java:69) ~[junit-jupiter-engine-5.12.2.jar:5.12.2]
	at org.junit.platform.engine.support.hierarchical.NodeTestTask.lambda$prepare$2(NodeTestTask.java:128) ~[junit-platform-engine-1.12.2.jar:1.12.2]
	at org.junit.platform.engine.support.hierarchical.ThrowableCollector.execute(ThrowableCollector.java:73) ~[junit-platform-engine-1.12.2.jar:1.12.2]
	at org.junit.platform.engine.support.hierarchical.NodeTestTask.prepare(NodeTestTask.java:128) ~[junit-platform-engine-1.12.2.jar:1.12.2]
	at org.junit.platform.engine.support.hierarchical.NodeTestTask.execute(NodeTestTask.java:95) ~[junit-platform-engine-1.12.2.jar:1.12.2]
	at java.base/java.util.ArrayList.forEach(ArrayList.java:1604) ~[na:na]
	at org.junit.platform.engine.support.hierarchical.SameThreadHierarchicalTestExecutorService.invokeAll(SameThreadHierarchicalTestExecutorService.java:41) ~[junit-platform-engine-1.12.2.jar:1.12.2]
	at org.junit.platform.engine.support.hierarchical.NodeTestTask.lambda$executeRecursively$6(NodeTestTask.java:160) ~[junit-platform-engine-1.12.2.jar:1.12.2]
	at org.junit.platform.engine.support.hierarchical.ThrowableCollector.execute(ThrowableCollector.java:73) ~[junit-platform-engine-1.12.2.jar:1.12.2]
	at org.junit.platform.engine.support.hierarchical.NodeTestTask.lambda$executeRecursively$8(NodeTestTask.java:146) ~[junit-platform-engine-1.12.2.jar:1.12.2]
	at org.junit.platform.engine.support.hierarchical.Node.around(Node.java:137) ~[junit-platform-engine-1.12.2.jar:1.12.2]
	at org.junit.platform.engine.support.hierarchical.NodeTestTask.lambda$executeRecursively$9(NodeTestTask.java:144) ~[junit-platform-engine-1.12.2.jar:1.12.2]
	at org.junit.platform.engine.support.hierarchical.ThrowableCollector.execute(ThrowableCollector.java:73) ~[junit-platform-engine-1.12.2.jar:1.12.2]
	at org.junit.platform.engine.support.hierarchical.NodeTestTask.executeRecursively(NodeTestTask.java:143) ~[junit-platform-engine-1.12.2.jar:1.12.2]
	at org.junit.platform.engine.support.hierarchical.NodeTestTask.execute(NodeTestTask.java:100) ~[junit-platform-engine-1.12.2.jar:1.12.2]
	at java.base/java.util.ArrayList.forEach(ArrayList.java:1604) ~[na:na]
	at org.junit.platform.engine.support.hierarchical.SameThreadHierarchicalTestExecutorService.invokeAll(SameThreadHierarchicalTestExecutorService.java:41) ~[junit-platform-engine-1.12.2.jar:1.12.2]
	at org.junit.platform.engine.support.hierarchical.NodeTestTask.lambda$executeRecursively$6(NodeTestTask.java:160) ~[junit-platform-engine-1.12.2.jar:1.12.2]
	at org.junit.platform.engine.support.hierarchical.ThrowableCollector.execute(ThrowableCollector.java:73) ~[junit-platform-engine-1.12.2.jar:1.12.2]
	at org.junit.platform.engine.support.hierarchical.NodeTestTask.lambda$executeRecursively$8(NodeTestTask.java:146) ~[junit-platform-engine-1.12.2.jar:1.12.2]
	at org.junit.platform.engine.support.hierarchical.Node.around(Node.java:137) ~[junit-platform-engine-1.12.2.jar:1.12.2]
	at org.junit.platform.engine.support.hierarchical.NodeTestTask.lambda$executeRecursively$9(NodeTestTask.java:144) ~[junit-platform-engine-1.12.2.jar:1.12.2]
	at org.junit.platform.engine.support.hierarchical.ThrowableCollector.execute(ThrowableCollector.java:73) ~[junit-platform-engine-1.12.2.jar:1.12.2]
	at org.junit.platform.engine.support.hierarchical.NodeTestTask.executeRecursively(NodeTestTask.java:143) ~[junit-platform-engine-1.12.2.jar:1.12.2]
	at org.junit.platform.engine.support.hierarchical.NodeTestTask.execute(NodeTestTask.java:100) ~[junit-platform-engine-1.12.2.jar:1.12.2]
	at org.junit.platform.engine.support.hierarchical.SameThreadHierarchicalTestExecutorService.submit(SameThreadHierarchicalTestExecutorService.java:35) ~[junit-platform-engine-1.12.2.jar:1.12.2]
	at org.junit.platform.engine.support.hierarchical.HierarchicalTestExecutor.execute(HierarchicalTestExecutor.java:57) ~[junit-platform-engine-1.12.2.jar:1.12.2]
	at org.junit.platform.engine.support.hierarchical.HierarchicalTestEngine.execute(HierarchicalTestEngine.java:54) ~[junit-platform-engine-1.12.2.jar:1.12.2]
	at org.junit.platform.launcher.core.EngineExecutionOrchestrator.execute(EngineExecutionOrchestrator.java:201) ~[junit-platform-launcher-1.12.2.jar:1.12.2]
	at org.junit.platform.launcher.core.EngineExecutionOrchestrator.execute(EngineExecutionOrchestrator.java:170) ~[junit-platform-launcher-1.12.2.jar:1.12.2]
	at org.junit.platform.launcher.core.EngineExecutionOrchestrator.execute(EngineExecutionOrchestrator.java:94) ~[junit-platform-launcher-1.12.2.jar:1.12.2]
	at org.junit.platform.launcher.core.EngineExecutionOrchestrator.lambda$execute$0(EngineExecutionOrchestrator.java:59) ~[junit-platform-launcher-1.12.2.jar:1.12.2]
	at org.junit.platform.launcher.core.EngineExecutionOrchestrator.withInterceptedStreams(EngineExecutionOrchestrator.java:142) ~[junit-platform-launcher-1.12.2.jar:1.12.2]
	at org.junit.platform.launcher.core.EngineExecutionOrchestrator.execute(EngineExecutionOrchestrator.java:58) ~[junit-platform-launcher-1.12.2.jar:1.12.2]
	at org.junit.platform.launcher.core.DefaultLauncher.execute(DefaultLauncher.java:103) ~[junit-platform-launcher-1.12.2.jar:1.12.2]
	at org.junit.platform.launcher.core.DefaultLauncher.execute(DefaultLauncher.java:85) ~[junit-platform-launcher-1.12.2.jar:1.12.2]
	at org.junit.platform.launcher.core.DelegatingLauncher.execute(DelegatingLauncher.java:47) ~[junit-platform-launcher-1.12.2.jar:1.12.2]
	at org.junit.platform.launcher.core.InterceptingLauncher.lambda$execute$1(InterceptingLauncher.java:39) ~[junit-platform-launcher-1.12.2.jar:1.12.2]
	at org.junit.platform.launcher.core.ClasspathAlignmentCheckingLauncherInterceptor.intercept(ClasspathAlignmentCheckingLauncherInterceptor.java:25) ~[junit-platform-launcher-1.12.2.jar:1.12.2]
	at org.junit.platform.launcher.core.InterceptingLauncher.execute(InterceptingLauncher.java:38) ~[junit-platform-launcher-1.12.2.jar:1.12.2]
	at org.junit.platform.launcher.core.DelegatingLauncher.execute(DelegatingLauncher.java:47) ~[junit-platform-launcher-1.12.2.jar:1.12.2]
	at org.apache.maven.surefire.junitplatform.LauncherAdapter.executeWithoutCancellationToken(LauncherAdapter.java:60) ~[surefire-junit-platform-3.5.4.jar:3.5.4]
	at org.apache.maven.surefire.junitplatform.LauncherAdapter.execute(LauncherAdapter.java:52) ~[surefire-junit-platform-3.5.4.jar:3.5.4]
	at org.apache.maven.surefire.junitplatform.JUnitPlatformProvider.execute(JUnitPlatformProvider.java:203) ~[surefire-junit-platform-3.5.4.jar:3.5.4]
	at org.apache.maven.surefire.junitplatform.JUnitPlatformProvider.invokeAllTests(JUnitPlatformProvider.java:168) ~[surefire-junit-platform-3.5.4.jar:3.5.4]
	at org.apache.maven.surefire.junitplatform.JUnitPlatformProvider.invoke(JUnitPlatformProvider.java:136) ~[surefire-junit-platform-3.5.4.jar:3.5.4]
	at org.apache.maven.surefire.booter.ForkedBooter.runSuitesInProcess(ForkedBooter.java:385) ~[surefire-booter-3.5.4.jar:3.5.4]
	at org.apache.maven.surefire.booter.ForkedBooter.execute(ForkedBooter.java:162) ~[surefire-booter-3.5.4.jar:3.5.4]
	at org.apache.maven.surefire.booter.ForkedBooter.run(ForkedBooter.java:507) ~[surefire-booter-3.5.4.jar:3.5.4]
	at org.apache.maven.surefire.booter.ForkedBooter.main(ForkedBooter.java:495) ~[surefire-booter-3.5.4.jar:3.5.4]

]]></system-out>
  </testcase>
</testsuite>